[debug] [2024-12-09T09:01:02.213Z] ----------------------------------------------------------------------
[debug] [2024-12-09T09:01:02.216Z] Command:       C:\Program Files\nodejs\node.exe C:\Users\Ruben Ortiz\AppData\Roaming\npm\node_modules\firebase-tools\lib\bin\firebase.js deploy --only functions
[debug] [2024-12-09T09:01:02.216Z] CLI Version:   13.28.0
[debug] [2024-12-09T09:01:02.217Z] Platform:      win32
[debug] [2024-12-09T09:01:02.217Z] Node Version:  v20.17.0
[debug] [2024-12-09T09:01:02.217Z] Time:          Mon Dec 09 2024 03:01:02 GMT-0600 (hora estándar central)
[debug] [2024-12-09T09:01:02.217Z] ----------------------------------------------------------------------
[debug] 
[debug] [2024-12-09T09:01:02.306Z] > command requires scopes: ["email","openid","https://www.googleapis.com/auth/cloudplatformprojects.readonly","https://www.googleapis.com/auth/firebase","https://www.googleapis.com/auth/cloud-platform"]
[debug] [2024-12-09T09:01:02.306Z] > authorizing via signed-in user (oruben2@gmail.com)
[debug] [2024-12-09T09:01:02.307Z] [iam] checking project joyerita-5319e for permissions ["cloudfunctions.functions.create","cloudfunctions.functions.delete","cloudfunctions.functions.get","cloudfunctions.functions.list","cloudfunctions.functions.update","cloudfunctions.operations.get","firebase.projects.get"]
[debug] [2024-12-09T09:01:02.309Z] Checked if tokens are valid: true, expires at: 1733736450215
[debug] [2024-12-09T09:01:02.309Z] Checked if tokens are valid: true, expires at: 1733736450215
[debug] [2024-12-09T09:01:02.311Z] >>> [apiv2][query] POST https://cloudresourcemanager.googleapis.com/v1/projects/joyerita-5319e:testIamPermissions [none]
[debug] [2024-12-09T09:01:02.312Z] >>> [apiv2][(partial)header] POST https://cloudresourcemanager.googleapis.com/v1/projects/joyerita-5319e:testIamPermissions x-goog-quota-user=projects/joyerita-5319e
[debug] [2024-12-09T09:01:02.312Z] >>> [apiv2][body] POST https://cloudresourcemanager.googleapis.com/v1/projects/joyerita-5319e:testIamPermissions {"permissions":["cloudfunctions.functions.create","cloudfunctions.functions.delete","cloudfunctions.functions.get","cloudfunctions.functions.list","cloudfunctions.functions.update","cloudfunctions.operations.get","firebase.projects.get"]}
[debug] [2024-12-09T09:01:02.818Z] <<< [apiv2][status] POST https://cloudresourcemanager.googleapis.com/v1/projects/joyerita-5319e:testIamPermissions 200
[debug] [2024-12-09T09:01:02.819Z] <<< [apiv2][body] POST https://cloudresourcemanager.googleapis.com/v1/projects/joyerita-5319e:testIamPermissions {"permissions":["cloudfunctions.functions.create","cloudfunctions.functions.delete","cloudfunctions.functions.get","cloudfunctions.functions.list","cloudfunctions.functions.update","cloudfunctions.operations.get","firebase.projects.get"]}
[debug] [2024-12-09T09:01:02.820Z] Checked if tokens are valid: true, expires at: 1733736450215
[debug] [2024-12-09T09:01:02.820Z] Checked if tokens are valid: true, expires at: 1733736450215
[debug] [2024-12-09T09:01:02.821Z] >>> [apiv2][query] POST https://iam.googleapis.com/v1/projects/joyerita-5319e/serviceAccounts/joyerita-5319e@appspot.gserviceaccount.com:testIamPermissions [none]
[debug] [2024-12-09T09:01:02.821Z] >>> [apiv2][body] POST https://iam.googleapis.com/v1/projects/joyerita-5319e/serviceAccounts/joyerita-5319e@appspot.gserviceaccount.com:testIamPermissions {"permissions":["iam.serviceAccounts.actAs"]}
[debug] [2024-12-09T09:01:03.409Z] <<< [apiv2][status] POST https://iam.googleapis.com/v1/projects/joyerita-5319e/serviceAccounts/joyerita-5319e@appspot.gserviceaccount.com:testIamPermissions 200
[debug] [2024-12-09T09:01:03.409Z] <<< [apiv2][body] POST https://iam.googleapis.com/v1/projects/joyerita-5319e/serviceAccounts/joyerita-5319e@appspot.gserviceaccount.com:testIamPermissions {"permissions":["iam.serviceAccounts.actAs"]}
[info] 
[info] === Deploying to 'joyerita-5319e'...
[info] 
[info] i  deploying functions 
[info] Running command: npm --prefix "$RESOURCE_DIR" run lint
[info] +  functions: Finished running predeploy script. 
[debug] [2024-12-09T09:01:04.042Z] Checked if tokens are valid: true, expires at: 1733736450215
[debug] [2024-12-09T09:01:04.043Z] Checked if tokens are valid: true, expires at: 1733736450215
[debug] [2024-12-09T09:01:04.043Z] >>> [apiv2][query] GET https://cloudresourcemanager.googleapis.com/v1/projects/joyerita-5319e [none]
[debug] [2024-12-09T09:01:04.171Z] <<< [apiv2][status] GET https://cloudresourcemanager.googleapis.com/v1/projects/joyerita-5319e 200
[debug] [2024-12-09T09:01:04.172Z] <<< [apiv2][body] GET https://cloudresourcemanager.googleapis.com/v1/projects/joyerita-5319e {"projectNumber":"965239048987","projectId":"joyerita-5319e","lifecycleState":"ACTIVE","name":"joyerita","labels":{"firebase":"enabled"},"createTime":"2024-12-03T22:01:16.613148Z"}
[info] i  functions: preparing codebase default for deployment 
[info] i  functions: ensuring required API cloudfunctions.googleapis.com is enabled... 
[debug] [2024-12-09T09:01:04.175Z] Checked if tokens are valid: true, expires at: 1733736450215
[debug] [2024-12-09T09:01:04.175Z] Checked if tokens are valid: true, expires at: 1733736450215
[debug] [2024-12-09T09:01:04.175Z] Checked if tokens are valid: true, expires at: 1733736450215
[debug] [2024-12-09T09:01:04.175Z] Checked if tokens are valid: true, expires at: 1733736450215
[info] i  functions: ensuring required API cloudbuild.googleapis.com is enabled... 
[debug] [2024-12-09T09:01:04.177Z] Checked if tokens are valid: true, expires at: 1733736450215
[debug] [2024-12-09T09:01:04.177Z] Checked if tokens are valid: true, expires at: 1733736450215
[info] i  artifactregistry: ensuring required API artifactregistry.googleapis.com is enabled... 
[debug] [2024-12-09T09:01:04.178Z] Checked if tokens are valid: true, expires at: 1733736450215
[debug] [2024-12-09T09:01:04.178Z] Checked if tokens are valid: true, expires at: 1733736450215
[debug] [2024-12-09T09:01:04.179Z] >>> [apiv2][query] GET https://serviceusage.googleapis.com/v1/projects/joyerita-5319e/services/cloudfunctions.googleapis.com [none]
[debug] [2024-12-09T09:01:04.179Z] >>> [apiv2][(partial)header] GET https://serviceusage.googleapis.com/v1/projects/joyerita-5319e/services/cloudfunctions.googleapis.com x-goog-quota-user=projects/joyerita-5319e
[debug] [2024-12-09T09:01:04.181Z] >>> [apiv2][query] GET https://serviceusage.googleapis.com/v1/projects/joyerita-5319e/services/runtimeconfig.googleapis.com [none]
[debug] [2024-12-09T09:01:04.181Z] >>> [apiv2][(partial)header] GET https://serviceusage.googleapis.com/v1/projects/joyerita-5319e/services/runtimeconfig.googleapis.com x-goog-quota-user=projects/joyerita-5319e
[debug] [2024-12-09T09:01:04.184Z] >>> [apiv2][query] GET https://serviceusage.googleapis.com/v1/projects/joyerita-5319e/services/cloudbuild.googleapis.com [none]
[debug] [2024-12-09T09:01:04.184Z] >>> [apiv2][(partial)header] GET https://serviceusage.googleapis.com/v1/projects/joyerita-5319e/services/cloudbuild.googleapis.com x-goog-quota-user=projects/joyerita-5319e
[debug] [2024-12-09T09:01:04.187Z] >>> [apiv2][query] GET https://serviceusage.googleapis.com/v1/projects/joyerita-5319e/services/artifactregistry.googleapis.com [none]
[debug] [2024-12-09T09:01:04.187Z] >>> [apiv2][(partial)header] GET https://serviceusage.googleapis.com/v1/projects/joyerita-5319e/services/artifactregistry.googleapis.com x-goog-quota-user=projects/joyerita-5319e
[debug] [2024-12-09T09:01:04.635Z] <<< [apiv2][status] GET https://serviceusage.googleapis.com/v1/projects/joyerita-5319e/services/cloudfunctions.googleapis.com 200
[debug] [2024-12-09T09:01:04.635Z] <<< [apiv2][body] GET https://serviceusage.googleapis.com/v1/projects/joyerita-5319e/services/cloudfunctions.googleapis.com [omitted]
[info] +  functions: required API cloudfunctions.googleapis.com is enabled 
[debug] [2024-12-09T09:01:04.636Z] <<< [apiv2][status] GET https://serviceusage.googleapis.com/v1/projects/joyerita-5319e/services/runtimeconfig.googleapis.com 200
[debug] [2024-12-09T09:01:04.636Z] <<< [apiv2][body] GET https://serviceusage.googleapis.com/v1/projects/joyerita-5319e/services/runtimeconfig.googleapis.com [omitted]
[debug] [2024-12-09T09:01:04.666Z] <<< [apiv2][status] GET https://serviceusage.googleapis.com/v1/projects/joyerita-5319e/services/cloudbuild.googleapis.com 200
[debug] [2024-12-09T09:01:04.667Z] <<< [apiv2][body] GET https://serviceusage.googleapis.com/v1/projects/joyerita-5319e/services/cloudbuild.googleapis.com [omitted]
[info] +  functions: required API cloudbuild.googleapis.com is enabled 
[debug] [2024-12-09T09:01:04.670Z] <<< [apiv2][status] GET https://serviceusage.googleapis.com/v1/projects/joyerita-5319e/services/artifactregistry.googleapis.com 200
[debug] [2024-12-09T09:01:04.670Z] <<< [apiv2][body] GET https://serviceusage.googleapis.com/v1/projects/joyerita-5319e/services/artifactregistry.googleapis.com [omitted]
[info] +  artifactregistry: required API artifactregistry.googleapis.com is enabled 
[debug] [2024-12-09T09:01:04.671Z] Checked if tokens are valid: true, expires at: 1733736450215
[debug] [2024-12-09T09:01:04.671Z] Checked if tokens are valid: true, expires at: 1733736450215
[debug] [2024-12-09T09:01:04.671Z] >>> [apiv2][query] GET https://firebase.googleapis.com/v1beta1/projects/joyerita-5319e/adminSdkConfig [none]
[debug] [2024-12-09T09:01:05.045Z] <<< [apiv2][status] GET https://firebase.googleapis.com/v1beta1/projects/joyerita-5319e/adminSdkConfig 200
[debug] [2024-12-09T09:01:05.045Z] <<< [apiv2][body] GET https://firebase.googleapis.com/v1beta1/projects/joyerita-5319e/adminSdkConfig {"projectId":"joyerita-5319e","storageBucket":"joyerita-5319e.firebasestorage.app"}
[debug] [2024-12-09T09:01:05.046Z] Checked if tokens are valid: true, expires at: 1733736450215
[debug] [2024-12-09T09:01:05.046Z] Checked if tokens are valid: true, expires at: 1733736450215
[debug] [2024-12-09T09:01:05.046Z] >>> [apiv2][query] GET https://runtimeconfig.googleapis.com/v1beta1/projects/joyerita-5319e/configs [none]
[debug] [2024-12-09T09:01:05.642Z] <<< [apiv2][status] GET https://runtimeconfig.googleapis.com/v1beta1/projects/joyerita-5319e/configs 200
[debug] [2024-12-09T09:01:05.643Z] <<< [apiv2][body] GET https://runtimeconfig.googleapis.com/v1beta1/projects/joyerita-5319e/configs {}
[debug] [2024-12-09T09:01:05.648Z] Validating nodejs source
[debug] [2024-12-09T09:01:06.826Z] > [functions] package.json contents: {
  "name": "functions",
  "description": "Cloud Functions for Firebase",
  "scripts": {
    "serve": "firebase emulators:start --only functions",
    "shell": "firebase functions:shell",
    "start": "npm run shell",
    "deploy": "firebase deploy --only functions",
    "logs": "firebase functions:log",
    "lint": "echo 'Skipping linting' "
  },
  "engines": {
    "node": "18"
  },
  "main": "index.js",
  "dependencies": {
    "firebase-admin": "^12.6.0",
    "firebase-functions": "^6.0.1"
  },
  "devDependencies": {
    "eslint": "^8.15.0",
    "eslint-config-google": "^0.14.0",
    "firebase-functions-test": "^3.1.0"
  },
  "private": true
}
[debug] [2024-12-09T09:01:06.826Z] Building nodejs source
[info] i  functions: Loading and analyzing source code for codebase default to determine what to deploy 
[debug] [2024-12-09T09:01:06.828Z] Could not find functions.yaml. Must use http discovery
[debug] [2024-12-09T09:01:06.836Z] Found firebase-functions binary at 'C:\Users\Ruben Ortiz\JoyeritaPrueba\joyerITA2\functions\node_modules\.bin\firebase-functions'
[info] Serving at port 8610

[debug] [2024-12-09T09:01:07.562Z] Got response from /__/functions.yaml {"endpoints":{"createCheckoutSession":{"availableMemoryMb":null,"timeoutSeconds":null,"minInstances":null,"maxInstances":null,"ingressSettings":null,"concurrency":null,"serviceAccountEmail":null,"vpc":null,"platform":"gcfv2","labels":{},"httpsTrigger":{},"entryPoint":"createCheckoutSession"}},"specVersion":"v1alpha1","requiredAPIs":[],"extensions":{}}
[info] i  extensions: ensuring required API firebaseextensions.googleapis.com is enabled... 
[debug] [2024-12-09T09:01:12.627Z] Checked if tokens are valid: true, expires at: 1733736450215
[debug] [2024-12-09T09:01:12.627Z] Checked if tokens are valid: true, expires at: 1733736450215
[debug] [2024-12-09T09:01:12.628Z] >>> [apiv2][query] GET https://serviceusage.googleapis.com/v1/projects/joyerita-5319e/services/firebaseextensions.googleapis.com [none]
[debug] [2024-12-09T09:01:12.628Z] >>> [apiv2][(partial)header] GET https://serviceusage.googleapis.com/v1/projects/joyerita-5319e/services/firebaseextensions.googleapis.com x-goog-quota-user=projects/joyerita-5319e
[debug] [2024-12-09T09:01:13.140Z] <<< [apiv2][status] GET https://serviceusage.googleapis.com/v1/projects/joyerita-5319e/services/firebaseextensions.googleapis.com 200
[debug] [2024-12-09T09:01:13.140Z] <<< [apiv2][body] GET https://serviceusage.googleapis.com/v1/projects/joyerita-5319e/services/firebaseextensions.googleapis.com [omitted]
[info] +  extensions: required API firebaseextensions.googleapis.com is enabled 
[debug] [2024-12-09T09:01:13.141Z] > command requires scopes: ["email","openid","https://www.googleapis.com/auth/cloudplatformprojects.readonly","https://www.googleapis.com/auth/firebase","https://www.googleapis.com/auth/cloud-platform"]
[debug] [2024-12-09T09:01:13.141Z] > authorizing via signed-in user (oruben2@gmail.com)
[debug] [2024-12-09T09:01:13.141Z] [iam] checking project joyerita-5319e for permissions ["firebase.projects.get","firebaseextensions.instances.list"]
[debug] [2024-12-09T09:01:13.142Z] Checked if tokens are valid: true, expires at: 1733736450215
[debug] [2024-12-09T09:01:13.142Z] Checked if tokens are valid: true, expires at: 1733736450215
[debug] [2024-12-09T09:01:13.142Z] >>> [apiv2][query] POST https://cloudresourcemanager.googleapis.com/v1/projects/joyerita-5319e:testIamPermissions [none]
[debug] [2024-12-09T09:01:13.142Z] >>> [apiv2][(partial)header] POST https://cloudresourcemanager.googleapis.com/v1/projects/joyerita-5319e:testIamPermissions x-goog-quota-user=projects/joyerita-5319e
[debug] [2024-12-09T09:01:13.142Z] >>> [apiv2][body] POST https://cloudresourcemanager.googleapis.com/v1/projects/joyerita-5319e:testIamPermissions {"permissions":["firebase.projects.get","firebaseextensions.instances.list"]}
[debug] [2024-12-09T09:01:13.445Z] <<< [apiv2][status] POST https://cloudresourcemanager.googleapis.com/v1/projects/joyerita-5319e:testIamPermissions 200
[debug] [2024-12-09T09:01:13.446Z] <<< [apiv2][body] POST https://cloudresourcemanager.googleapis.com/v1/projects/joyerita-5319e:testIamPermissions {"permissions":["firebase.projects.get","firebaseextensions.instances.list"]}
[debug] [2024-12-09T09:01:13.448Z] Checked if tokens are valid: true, expires at: 1733736450215
[debug] [2024-12-09T09:01:13.448Z] Checked if tokens are valid: true, expires at: 1733736450215
[debug] [2024-12-09T09:01:13.451Z] >>> [apiv2][query] GET https://firebaseextensions.googleapis.com/v1beta/projects/joyerita-5319e/instances pageSize=100&pageToken=
[debug] [2024-12-09T09:01:13.950Z] <<< [apiv2][status] GET https://firebaseextensions.googleapis.com/v1beta/projects/joyerita-5319e/instances 200
[debug] [2024-12-09T09:01:13.950Z] <<< [apiv2][body] GET https://firebaseextensions.googleapis.com/v1beta/projects/joyerita-5319e/instances {}
[info] i  functions: preparing functions directory for uploading... 
[info] i  functions: packaged C:\Users\Ruben Ortiz\JoyeritaPrueba\joyerITA2\functions (70.33 KB) for uploading 
[debug] [2024-12-09T09:01:13.997Z] Checked if tokens are valid: true, expires at: 1733736450215
[debug] [2024-12-09T09:01:13.997Z] Checked if tokens are valid: true, expires at: 1733736450215
[debug] [2024-12-09T09:01:13.997Z] >>> [apiv2][query] GET https://cloudfunctions.googleapis.com/v1/projects/joyerita-5319e/locations/-/functions [none]
[debug] [2024-12-09T09:01:14.531Z] <<< [apiv2][status] GET https://cloudfunctions.googleapis.com/v1/projects/joyerita-5319e/locations/-/functions 200
[debug] [2024-12-09T09:01:14.532Z] <<< [apiv2][body] GET https://cloudfunctions.googleapis.com/v1/projects/joyerita-5319e/locations/-/functions {}
[debug] [2024-12-09T09:01:14.533Z] Checked if tokens are valid: true, expires at: 1733736450215
[debug] [2024-12-09T09:01:14.533Z] Checked if tokens are valid: true, expires at: 1733736450215
[debug] [2024-12-09T09:01:14.534Z] >>> [apiv2][query] GET https://cloudfunctions.googleapis.com/v2/projects/joyerita-5319e/locations/-/functions filter=environment%3D%22GEN_2%22
[debug] [2024-12-09T09:01:14.976Z] <<< [apiv2][status] GET https://cloudfunctions.googleapis.com/v2/projects/joyerita-5319e/locations/-/functions 200
[debug] [2024-12-09T09:01:14.976Z] <<< [apiv2][body] GET https://cloudfunctions.googleapis.com/v2/projects/joyerita-5319e/locations/-/functions {}
[info] i  functions: ensuring required API run.googleapis.com is enabled... 
[debug] [2024-12-09T09:01:14.979Z] Checked if tokens are valid: true, expires at: 1733736450215
[debug] [2024-12-09T09:01:14.979Z] Checked if tokens are valid: true, expires at: 1733736450215
[info] i  functions: ensuring required API eventarc.googleapis.com is enabled... 
[debug] [2024-12-09T09:01:14.980Z] Checked if tokens are valid: true, expires at: 1733736450215
[debug] [2024-12-09T09:01:14.980Z] Checked if tokens are valid: true, expires at: 1733736450215
[info] i  functions: ensuring required API pubsub.googleapis.com is enabled... 
[debug] [2024-12-09T09:01:14.981Z] Checked if tokens are valid: true, expires at: 1733736450215
[debug] [2024-12-09T09:01:14.981Z] Checked if tokens are valid: true, expires at: 1733736450215
[info] i  functions: ensuring required API storage.googleapis.com is enabled... 
[debug] [2024-12-09T09:01:14.982Z] Checked if tokens are valid: true, expires at: 1733736450215
[debug] [2024-12-09T09:01:14.982Z] Checked if tokens are valid: true, expires at: 1733736450215
[debug] [2024-12-09T09:01:14.982Z] >>> [apiv2][query] GET https://serviceusage.googleapis.com/v1/projects/joyerita-5319e/services/run.googleapis.com [none]
[debug] [2024-12-09T09:01:14.982Z] >>> [apiv2][(partial)header] GET https://serviceusage.googleapis.com/v1/projects/joyerita-5319e/services/run.googleapis.com x-goog-quota-user=projects/joyerita-5319e
[debug] [2024-12-09T09:01:14.983Z] >>> [apiv2][query] GET https://serviceusage.googleapis.com/v1/projects/joyerita-5319e/services/eventarc.googleapis.com [none]
[debug] [2024-12-09T09:01:14.983Z] >>> [apiv2][(partial)header] GET https://serviceusage.googleapis.com/v1/projects/joyerita-5319e/services/eventarc.googleapis.com x-goog-quota-user=projects/joyerita-5319e
[debug] [2024-12-09T09:01:14.986Z] >>> [apiv2][query] GET https://serviceusage.googleapis.com/v1/projects/joyerita-5319e/services/pubsub.googleapis.com [none]
[debug] [2024-12-09T09:01:14.986Z] >>> [apiv2][(partial)header] GET https://serviceusage.googleapis.com/v1/projects/joyerita-5319e/services/pubsub.googleapis.com x-goog-quota-user=projects/joyerita-5319e
[debug] [2024-12-09T09:01:14.989Z] >>> [apiv2][query] GET https://serviceusage.googleapis.com/v1/projects/joyerita-5319e/services/storage.googleapis.com [none]
[debug] [2024-12-09T09:01:14.989Z] >>> [apiv2][(partial)header] GET https://serviceusage.googleapis.com/v1/projects/joyerita-5319e/services/storage.googleapis.com x-goog-quota-user=projects/joyerita-5319e
[debug] [2024-12-09T09:01:15.144Z] <<< [apiv2][status] GET https://serviceusage.googleapis.com/v1/projects/joyerita-5319e/services/run.googleapis.com 200
[debug] [2024-12-09T09:01:15.145Z] <<< [apiv2][body] GET https://serviceusage.googleapis.com/v1/projects/joyerita-5319e/services/run.googleapis.com [omitted]
[info] +  functions: required API run.googleapis.com is enabled 
[debug] [2024-12-09T09:01:15.385Z] <<< [apiv2][status] GET https://serviceusage.googleapis.com/v1/projects/joyerita-5319e/services/eventarc.googleapis.com 200
[debug] [2024-12-09T09:01:15.386Z] <<< [apiv2][body] GET https://serviceusage.googleapis.com/v1/projects/joyerita-5319e/services/eventarc.googleapis.com [omitted]
[info] +  functions: required API eventarc.googleapis.com is enabled 
[debug] [2024-12-09T09:01:15.388Z] <<< [apiv2][status] GET https://serviceusage.googleapis.com/v1/projects/joyerita-5319e/services/pubsub.googleapis.com 200
[debug] [2024-12-09T09:01:15.388Z] <<< [apiv2][body] GET https://serviceusage.googleapis.com/v1/projects/joyerita-5319e/services/pubsub.googleapis.com [omitted]
[info] +  functions: required API pubsub.googleapis.com is enabled 
[debug] [2024-12-09T09:01:15.388Z] <<< [apiv2][status] GET https://serviceusage.googleapis.com/v1/projects/joyerita-5319e/services/storage.googleapis.com 200
[debug] [2024-12-09T09:01:15.388Z] <<< [apiv2][body] GET https://serviceusage.googleapis.com/v1/projects/joyerita-5319e/services/storage.googleapis.com [omitted]
[info] +  functions: required API storage.googleapis.com is enabled 
[info] i  functions: generating the service identity for pubsub.googleapis.com... 
[debug] [2024-12-09T09:01:15.389Z] Checked if tokens are valid: true, expires at: 1733736450215
[debug] [2024-12-09T09:01:15.389Z] Checked if tokens are valid: true, expires at: 1733736450215
[info] i  functions: generating the service identity for eventarc.googleapis.com... 
[debug] [2024-12-09T09:01:15.390Z] Checked if tokens are valid: true, expires at: 1733736450215
[debug] [2024-12-09T09:01:15.390Z] Checked if tokens are valid: true, expires at: 1733736450215
[debug] [2024-12-09T09:01:15.390Z] >>> [apiv2][query] POST https://serviceusage.googleapis.com/v1beta1/projects/965239048987/services/pubsub.googleapis.com:generateServiceIdentity [none]
[debug] [2024-12-09T09:01:15.390Z] >>> [apiv2][query] POST https://serviceusage.googleapis.com/v1beta1/projects/965239048987/services/eventarc.googleapis.com:generateServiceIdentity [none]
[debug] [2024-12-09T09:01:15.697Z] <<< [apiv2][status] POST https://serviceusage.googleapis.com/v1beta1/projects/965239048987/services/eventarc.googleapis.com:generateServiceIdentity 200
[debug] [2024-12-09T09:01:15.697Z] <<< [apiv2][body] POST https://serviceusage.googleapis.com/v1beta1/projects/965239048987/services/eventarc.googleapis.com:generateServiceIdentity {"name":"operations/finished.DONE_OPERATION","done":true,"response":{"@type":"type.googleapis.com/google.api.serviceusage.v1beta1.ServiceIdentity","email":"service-965239048987@gcp-sa-eventarc.iam.gserviceaccount.com","uniqueId":"109204135081701562270"}}
[debug] [2024-12-09T09:01:15.754Z] <<< [apiv2][status] POST https://serviceusage.googleapis.com/v1beta1/projects/965239048987/services/pubsub.googleapis.com:generateServiceIdentity 200
[debug] [2024-12-09T09:01:15.755Z] <<< [apiv2][body] POST https://serviceusage.googleapis.com/v1beta1/projects/965239048987/services/pubsub.googleapis.com:generateServiceIdentity {"name":"operations/finished.DONE_OPERATION","done":true,"response":{"@type":"type.googleapis.com/google.api.serviceusage.v1beta1.ServiceIdentity","email":"service-965239048987@gcp-sa-pubsub.iam.gserviceaccount.com","uniqueId":"115077337698456689837"}}
[debug] [2024-12-09T09:01:15.761Z] Checked if tokens are valid: true, expires at: 1733736450215
[debug] [2024-12-09T09:01:15.762Z] Checked if tokens are valid: true, expires at: 1733736450215
[debug] [2024-12-09T09:01:15.762Z] >>> [apiv2][query] GET https://cloudresourcemanager.googleapis.com/v1/projects/joyerita-5319e [none]
[debug] [2024-12-09T09:01:15.868Z] <<< [apiv2][status] GET https://cloudresourcemanager.googleapis.com/v1/projects/joyerita-5319e 200
[debug] [2024-12-09T09:01:15.868Z] <<< [apiv2][body] GET https://cloudresourcemanager.googleapis.com/v1/projects/joyerita-5319e {"projectNumber":"965239048987","projectId":"joyerita-5319e","lifecycleState":"ACTIVE","name":"joyerita","labels":{"firebase":"enabled"},"createTime":"2024-12-03T22:01:16.613148Z"}
[debug] [2024-12-09T09:01:15.872Z] Checked if tokens are valid: true, expires at: 1733736450215
[debug] [2024-12-09T09:01:15.872Z] Checked if tokens are valid: true, expires at: 1733736450215
[debug] [2024-12-09T09:01:15.873Z] >>> [apiv2][query] GET https://cloudbilling.googleapis.com/v1/projects/joyerita-5319e/billingInfo [none]
[debug] [2024-12-09T09:01:16.114Z] <<< [apiv2][status] GET https://cloudbilling.googleapis.com/v1/projects/joyerita-5319e/billingInfo 200
[debug] [2024-12-09T09:01:16.114Z] <<< [apiv2][body] GET https://cloudbilling.googleapis.com/v1/projects/joyerita-5319e/billingInfo {"name":"projects/joyerita-5319e/billingInfo","projectId":"joyerita-5319e","billingAccountName":"billingAccounts/0151E3-B829B0-C007D4","billingEnabled":true}
[debug] [2024-12-09T09:01:16.118Z] [functions] found 1 new HTTP functions, testing setIamPolicy permission...
[debug] [2024-12-09T09:01:16.119Z] Checked if tokens are valid: true, expires at: 1733736450215
[debug] [2024-12-09T09:01:16.119Z] Checked if tokens are valid: true, expires at: 1733736450215
[debug] [2024-12-09T09:01:16.119Z] >>> [apiv2][query] POST https://cloudresourcemanager.googleapis.com/v1/projects/joyerita-5319e:testIamPermissions [none]
[debug] [2024-12-09T09:01:16.120Z] >>> [apiv2][(partial)header] POST https://cloudresourcemanager.googleapis.com/v1/projects/joyerita-5319e:testIamPermissions x-goog-quota-user=projects/joyerita-5319e
[debug] [2024-12-09T09:01:16.120Z] >>> [apiv2][body] POST https://cloudresourcemanager.googleapis.com/v1/projects/joyerita-5319e:testIamPermissions {"permissions":["cloudfunctions.functions.setIamPolicy"]}
[debug] [2024-12-09T09:01:16.206Z] <<< [apiv2][status] POST https://cloudresourcemanager.googleapis.com/v1/projects/joyerita-5319e:testIamPermissions 200
[debug] [2024-12-09T09:01:16.207Z] <<< [apiv2][body] POST https://cloudresourcemanager.googleapis.com/v1/projects/joyerita-5319e:testIamPermissions {"permissions":["cloudfunctions.functions.setIamPolicy"]}
[debug] [2024-12-09T09:01:16.207Z] [functions] found setIamPolicy permission, proceeding with deploy
[debug] [2024-12-09T09:01:16.209Z] Checked if tokens are valid: true, expires at: 1733736450215
[debug] [2024-12-09T09:01:16.210Z] Checked if tokens are valid: true, expires at: 1733736450215
[debug] [2024-12-09T09:01:16.210Z] >>> [apiv2][query] POST https://cloudfunctions.googleapis.com/v2/projects/joyerita-5319e/locations/us-central1/functions:generateUploadUrl [none]
[debug] [2024-12-09T09:01:16.433Z] <<< [apiv2][status] POST https://cloudfunctions.googleapis.com/v2/projects/joyerita-5319e/locations/us-central1/functions:generateUploadUrl 200
[debug] [2024-12-09T09:01:16.433Z] <<< [apiv2][body] POST https://cloudfunctions.googleapis.com/v2/projects/joyerita-5319e/locations/us-central1/functions:generateUploadUrl {"uploadUrl":"https://storage.googleapis.com/gcf-v2-uploads-965239048987.us-central1.cloudfunctions.appspot.com/a08ea3a3-1c6b-4a0b-a927-2b9cf9ef0113.zip?GoogleAccessId=service-965239048987@gcf-admin-robot.iam.gserviceaccount.com&Expires=1733736676&Signature=E81Rcl7f5Ty%2BHxJrD91Ht8%2By%2BCQJiB1n8XIjI7oWoYoJf6zGszPH8SDO17cxvHg1sWiDVe4bv01RsqkRA%2BYHoLMb6ONNqHH2UAo9bR2ZNZEqdSubpRgxrM1pESXVZQLwtxFawwA1FfW%2FkARraPTSfQ%2BQv%2B9PQECbq35OgqDUrGmvCseGWlkRaXuNMAycI%2BlYQuYOPn9fhtK%2B2xqOx40mP75UCoSWJDycWvDDvUW717o5xgm583XtWdB11BAQvyYG%2BbX85a%2BatCkjLWISCnABSVcyIqNvmsqy0PuvJH%2FdRhd1grQep921AJFc8hFvXxv%2BnNSsMy0HelPxkmpegdX0Fg%3D%3D","storageSource":{"bucket":"gcf-v2-uploads-965239048987.us-central1.cloudfunctions.appspot.com","object":"a08ea3a3-1c6b-4a0b-a927-2b9cf9ef0113.zip"}}
[debug] [2024-12-09T09:01:16.435Z] >>> [apiv2][query] PUT https://storage.googleapis.com/gcf-v2-uploads-965239048987.us-central1.cloudfunctions.appspot.com/a08ea3a3-1c6b-4a0b-a927-2b9cf9ef0113.zip GoogleAccessId=service-965239048987%40gcf-admin-robot.iam.gserviceaccount.com&Expires=1733736676&Signature=E81Rcl7f5Ty%2BHxJrD91Ht8%2By%2BCQJiB1n8XIjI7oWoYoJf6zGszPH8SDO17cxvHg1sWiDVe4bv01RsqkRA%2BYHoLMb6ONNqHH2UAo9bR2ZNZEqdSubpRgxrM1pESXVZQLwtxFawwA1FfW%2FkARraPTSfQ%2BQv%2B9PQECbq35OgqDUrGmvCseGWlkRaXuNMAycI%2BlYQuYOPn9fhtK%2B2xqOx40mP75UCoSWJDycWvDDvUW717o5xgm583XtWdB11BAQvyYG%2BbX85a%2BatCkjLWISCnABSVcyIqNvmsqy0PuvJH%2FdRhd1grQep921AJFc8hFvXxv%2BnNSsMy0HelPxkmpegdX0Fg%3D%3D
[debug] [2024-12-09T09:01:16.435Z] >>> [apiv2][body] PUT https://storage.googleapis.com/gcf-v2-uploads-965239048987.us-central1.cloudfunctions.appspot.com/a08ea3a3-1c6b-4a0b-a927-2b9cf9ef0113.zip [stream]
[debug] [2024-12-09T09:01:16.990Z] <<< [apiv2][status] PUT https://storage.googleapis.com/gcf-v2-uploads-965239048987.us-central1.cloudfunctions.appspot.com/a08ea3a3-1c6b-4a0b-a927-2b9cf9ef0113.zip 200
[debug] [2024-12-09T09:01:16.991Z] <<< [apiv2][body] PUT https://storage.googleapis.com/gcf-v2-uploads-965239048987.us-central1.cloudfunctions.appspot.com/a08ea3a3-1c6b-4a0b-a927-2b9cf9ef0113.zip [omitted]
[info] +  functions: functions folder uploaded successfully 
[info] i  functions: creating Node.js 18 (2nd Gen) function createCheckoutSession(us-central1)... 
[debug] [2024-12-09T09:01:17.009Z] Checked if tokens are valid: true, expires at: 1733736450215
[debug] [2024-12-09T09:01:17.009Z] Checked if tokens are valid: true, expires at: 1733736450215
[debug] [2024-12-09T09:01:17.010Z] >>> [apiv2][query] POST https://cloudfunctions.googleapis.com/v2/projects/joyerita-5319e/locations/us-central1/functions functionId=createCheckoutSession
[debug] [2024-12-09T09:01:17.010Z] >>> [apiv2][body] POST https://cloudfunctions.googleapis.com/v2/projects/joyerita-5319e/locations/us-central1/functions {"name":"projects/joyerita-5319e/locations/us-central1/functions/createCheckoutSession","buildConfig":{"runtime":"nodejs18","entryPoint":"createCheckoutSession","source":{"storageSource":{"bucket":"gcf-v2-uploads-965239048987.us-central1.cloudfunctions.appspot.com","object":"a08ea3a3-1c6b-4a0b-a927-2b9cf9ef0113.zip"}},"environmentVariables":{"GOOGLE_NODE_RUN_SCRIPTS":""}},"serviceConfig":{"environmentVariables":{"FIREBASE_CONFIG":"{\"projectId\":\"joyerita-5319e\",\"storageBucket\":\"joyerita-5319e.firebasestorage.app\"}","GCLOUD_PROJECT":"joyerita-5319e","EVENTARC_CLOUD_EVENT_SOURCE":"projects/joyerita-5319e/locations/us-central1/services/createCheckoutSession","FUNCTION_TARGET":"createCheckoutSession"},"ingressSettings":null,"timeoutSeconds":null,"serviceAccountEmail":null,"availableMemory":"256Mi","minInstanceCount":null,"maxInstanceCount":null,"maxInstanceRequestConcurrency":80,"availableCpu":"1","vpcConnector":null,"vpcConnectorEgressSettings":null},"labels":{"deployment-tool":"cli-firebase","firebase-functions-hash":"83be3f8d40dacb17799e51fcd0596542075598a3"}}
[debug] [2024-12-09T09:01:18.442Z] <<< [apiv2][status] POST https://cloudfunctions.googleapis.com/v2/projects/joyerita-5319e/locations/us-central1/functions 200
[debug] [2024-12-09T09:01:18.442Z] <<< [apiv2][body] POST https://cloudfunctions.googleapis.com/v2/projects/joyerita-5319e/locations/us-central1/functions {"name":"projects/joyerita-5319e/locations/us-central1/operations/operation-1733734877158-628d29b7cda97-f22e094e-da42f215","metadata":{"@type":"type.googleapis.com/google.cloud.functions.v2.OperationMetadata","createTime":"2024-12-09T09:01:18.347858734Z","target":"projects/joyerita-5319e/locations/us-central1/functions/createCheckoutSession","verb":"create","cancelRequested":false,"apiVersion":"v2"},"done":false}
[debug] [2024-12-09T09:01:18.443Z] Checked if tokens are valid: true, expires at: 1733736450215
[debug] [2024-12-09T09:01:18.443Z] Checked if tokens are valid: true, expires at: 1733736450215
[debug] [2024-12-09T09:01:18.444Z] >>> [apiv2][query] GET https://cloudfunctions.googleapis.com/v2/projects/joyerita-5319e/locations/us-central1/operations/operation-1733734877158-628d29b7cda97-f22e094e-da42f215 [none]
[debug] [2024-12-09T09:01:18.666Z] <<< [apiv2][status] GET https://cloudfunctions.googleapis.com/v2/projects/joyerita-5319e/locations/us-central1/operations/operation-1733734877158-628d29b7cda97-f22e094e-da42f215 200
[debug] [2024-12-09T09:01:18.666Z] <<< [apiv2][body] GET https://cloudfunctions.googleapis.com/v2/projects/joyerita-5319e/locations/us-central1/operations/operation-1733734877158-628d29b7cda97-f22e094e-da42f215 {"name":"projects/joyerita-5319e/locations/us-central1/operations/operation-1733734877158-628d29b7cda97-f22e094e-da42f215","metadata":{"@type":"type.googleapis.com/google.cloud.functions.v2.OperationMetadata","createTime":"2024-12-09T09:01:18.347858734Z","target":"projects/joyerita-5319e/locations/us-central1/functions/createCheckoutSession","verb":"create","cancelRequested":false,"apiVersion":"v2"},"done":false}
[debug] [2024-12-09T09:01:19.167Z] [create-default-us-central1-createCheckoutSession] Retrying task index 0
[debug] [2024-12-09T09:01:19.168Z] Checked if tokens are valid: true, expires at: 1733736450215
[debug] [2024-12-09T09:01:19.168Z] Checked if tokens are valid: true, expires at: 1733736450215
[debug] [2024-12-09T09:01:19.168Z] >>> [apiv2][query] GET https://cloudfunctions.googleapis.com/v2/projects/joyerita-5319e/locations/us-central1/operations/operation-1733734877158-628d29b7cda97-f22e094e-da42f215 [none]
[debug] [2024-12-09T09:01:19.288Z] <<< [apiv2][status] GET https://cloudfunctions.googleapis.com/v2/projects/joyerita-5319e/locations/us-central1/operations/operation-1733734877158-628d29b7cda97-f22e094e-da42f215 200
[debug] [2024-12-09T09:01:19.288Z] <<< [apiv2][body] GET https://cloudfunctions.googleapis.com/v2/projects/joyerita-5319e/locations/us-central1/operations/operation-1733734877158-628d29b7cda97-f22e094e-da42f215 {"name":"projects/joyerita-5319e/locations/us-central1/operations/operation-1733734877158-628d29b7cda97-f22e094e-da42f215","metadata":{"@type":"type.googleapis.com/google.cloud.functions.v2.OperationMetadata","createTime":"2024-12-09T09:01:18.347858734Z","target":"projects/joyerita-5319e/locations/us-central1/functions/createCheckoutSession","verb":"create","cancelRequested":false,"apiVersion":"v2","requestResource":{"@type":"type.googleapis.com/google.cloud.functions.v2.Function","name":"projects/joyerita-5319e/locations/us-central1/functions/createCheckoutSession","buildConfig":{"runtime":"nodejs18","entryPoint":"createCheckoutSession","source":{"storageSource":{"bucket":"gcf-v2-sources-965239048987-us-central1","object":"createCheckoutSession/function-source.zip","generation":"1733734878126694"}},"environmentVariables":{"GOOGLE_NODE_RUN_SCRIPTS":""},"serviceAccount":"projects/joyerita-5319e/serviceAccounts/965239048987-compute@developer.gserviceaccount.com","automaticUpdatePolicy":{}},"serviceConfig":{"service":"projects/joyerita-5319e/locations/us-central1/services/createcheckoutsession","timeoutSeconds":60,"environmentVariables":{"FIREBASE_CONFIG":"{\"projectId\":\"joyerita-5319e\",\"storageBucket\":\"joyerita-5319e.firebasestorage.app\"}","GCLOUD_PROJECT":"joyerita-5319e","EVENTARC_CLOUD_EVENT_SOURCE":"projects/joyerita-5319e/locations/us-central1/services/createCheckoutSession","FUNCTION_TARGET":"createCheckoutSession","LOG_EXECUTION_ID":"true"},"ingressSettings":"ALLOW_ALL","serviceAccountEmail":"965239048987-compute@developer.gserviceaccount.com","availableMemory":"256Mi","maxInstanceRequestConcurrency":80,"availableCpu":"1"},"labels":{"deployment-tool":"cli-firebase","firebase-functions-hash":"83be3f8d40dacb17799e51fcd0596542075598a3"},"environment":"GEN_2"},"stages":[{"name":"BUILD","state":"NOT_STARTED"},{"name":"SERVICE","state":"NOT_STARTED"}],"operationType":"CREATE_FUNCTION"},"done":false}
[debug] [2024-12-09T09:01:20.299Z] [create-default-us-central1-createCheckoutSession] Retrying task index 0
[debug] [2024-12-09T09:01:20.301Z] Checked if tokens are valid: true, expires at: 1733736450215
[debug] [2024-12-09T09:01:20.301Z] Checked if tokens are valid: true, expires at: 1733736450215
[debug] [2024-12-09T09:01:20.302Z] >>> [apiv2][query] GET https://cloudfunctions.googleapis.com/v2/projects/joyerita-5319e/locations/us-central1/operations/operation-1733734877158-628d29b7cda97-f22e094e-da42f215 [none]
[debug] [2024-12-09T09:01:20.507Z] <<< [apiv2][status] GET https://cloudfunctions.googleapis.com/v2/projects/joyerita-5319e/locations/us-central1/operations/operation-1733734877158-628d29b7cda97-f22e094e-da42f215 200
[debug] [2024-12-09T09:01:20.507Z] <<< [apiv2][body] GET https://cloudfunctions.googleapis.com/v2/projects/joyerita-5319e/locations/us-central1/operations/operation-1733734877158-628d29b7cda97-f22e094e-da42f215 {"name":"projects/joyerita-5319e/locations/us-central1/operations/operation-1733734877158-628d29b7cda97-f22e094e-da42f215","metadata":{"@type":"type.googleapis.com/google.cloud.functions.v2.OperationMetadata","createTime":"2024-12-09T09:01:18.347858734Z","target":"projects/joyerita-5319e/locations/us-central1/functions/createCheckoutSession","verb":"create","cancelRequested":false,"apiVersion":"v2","requestResource":{"@type":"type.googleapis.com/google.cloud.functions.v2.Function","name":"projects/joyerita-5319e/locations/us-central1/functions/createCheckoutSession","buildConfig":{"runtime":"nodejs18","entryPoint":"createCheckoutSession","source":{"storageSource":{"bucket":"gcf-v2-sources-965239048987-us-central1","object":"createCheckoutSession/function-source.zip","generation":"1733734878126694"}},"environmentVariables":{"GOOGLE_NODE_RUN_SCRIPTS":""},"serviceAccount":"projects/joyerita-5319e/serviceAccounts/965239048987-compute@developer.gserviceaccount.com","automaticUpdatePolicy":{}},"serviceConfig":{"service":"projects/joyerita-5319e/locations/us-central1/services/createcheckoutsession","timeoutSeconds":60,"environmentVariables":{"FIREBASE_CONFIG":"{\"projectId\":\"joyerita-5319e\",\"storageBucket\":\"joyerita-5319e.firebasestorage.app\"}","GCLOUD_PROJECT":"joyerita-5319e","EVENTARC_CLOUD_EVENT_SOURCE":"projects/joyerita-5319e/locations/us-central1/services/createCheckoutSession","FUNCTION_TARGET":"createCheckoutSession","LOG_EXECUTION_ID":"true"},"ingressSettings":"ALLOW_ALL","serviceAccountEmail":"965239048987-compute@developer.gserviceaccount.com","availableMemory":"256Mi","maxInstanceRequestConcurrency":80,"availableCpu":"1"},"labels":{"deployment-tool":"cli-firebase","firebase-functions-hash":"83be3f8d40dacb17799e51fcd0596542075598a3"},"environment":"GEN_2"},"stages":[{"name":"BUILD","state":"NOT_STARTED"},{"name":"SERVICE","state":"NOT_STARTED"}],"operationType":"CREATE_FUNCTION"},"done":false}
[debug] [2024-12-09T09:01:22.509Z] [create-default-us-central1-createCheckoutSession] Retrying task index 0
[debug] [2024-12-09T09:01:22.509Z] Checked if tokens are valid: true, expires at: 1733736450215
[debug] [2024-12-09T09:01:22.509Z] Checked if tokens are valid: true, expires at: 1733736450215
[debug] [2024-12-09T09:01:22.510Z] >>> [apiv2][query] GET https://cloudfunctions.googleapis.com/v2/projects/joyerita-5319e/locations/us-central1/operations/operation-1733734877158-628d29b7cda97-f22e094e-da42f215 [none]
[debug] [2024-12-09T09:01:22.621Z] <<< [apiv2][status] GET https://cloudfunctions.googleapis.com/v2/projects/joyerita-5319e/locations/us-central1/operations/operation-1733734877158-628d29b7cda97-f22e094e-da42f215 200
[debug] [2024-12-09T09:01:22.622Z] <<< [apiv2][body] GET https://cloudfunctions.googleapis.com/v2/projects/joyerita-5319e/locations/us-central1/operations/operation-1733734877158-628d29b7cda97-f22e094e-da42f215 {"name":"projects/joyerita-5319e/locations/us-central1/operations/operation-1733734877158-628d29b7cda97-f22e094e-da42f215","metadata":{"@type":"type.googleapis.com/google.cloud.functions.v2.OperationMetadata","createTime":"2024-12-09T09:01:18.347858734Z","target":"projects/joyerita-5319e/locations/us-central1/functions/createCheckoutSession","verb":"create","cancelRequested":false,"apiVersion":"v2","requestResource":{"@type":"type.googleapis.com/google.cloud.functions.v2.Function","name":"projects/joyerita-5319e/locations/us-central1/functions/createCheckoutSession","buildConfig":{"runtime":"nodejs18","entryPoint":"createCheckoutSession","source":{"storageSource":{"bucket":"gcf-v2-sources-965239048987-us-central1","object":"createCheckoutSession/function-source.zip","generation":"1733734878126694"}},"environmentVariables":{"GOOGLE_NODE_RUN_SCRIPTS":""},"serviceAccount":"projects/joyerita-5319e/serviceAccounts/965239048987-compute@developer.gserviceaccount.com","automaticUpdatePolicy":{}},"serviceConfig":{"service":"projects/joyerita-5319e/locations/us-central1/services/createcheckoutsession","timeoutSeconds":60,"environmentVariables":{"FIREBASE_CONFIG":"{\"projectId\":\"joyerita-5319e\",\"storageBucket\":\"joyerita-5319e.firebasestorage.app\"}","GCLOUD_PROJECT":"joyerita-5319e","EVENTARC_CLOUD_EVENT_SOURCE":"projects/joyerita-5319e/locations/us-central1/services/createCheckoutSession","FUNCTION_TARGET":"createCheckoutSession","LOG_EXECUTION_ID":"true"},"ingressSettings":"ALLOW_ALL","serviceAccountEmail":"965239048987-compute@developer.gserviceaccount.com","availableMemory":"256Mi","maxInstanceRequestConcurrency":80,"availableCpu":"1"},"labels":{"deployment-tool":"cli-firebase","firebase-functions-hash":"83be3f8d40dacb17799e51fcd0596542075598a3"},"environment":"GEN_2"},"stages":[{"name":"BUILD","state":"NOT_STARTED"},{"name":"SERVICE","state":"NOT_STARTED"}],"operationType":"CREATE_FUNCTION"},"done":false}
[debug] [2024-12-09T09:01:26.637Z] [create-default-us-central1-createCheckoutSession] Retrying task index 0
[debug] [2024-12-09T09:01:26.638Z] Checked if tokens are valid: true, expires at: 1733736450215
[debug] [2024-12-09T09:01:26.638Z] Checked if tokens are valid: true, expires at: 1733736450215
[debug] [2024-12-09T09:01:26.639Z] >>> [apiv2][query] GET https://cloudfunctions.googleapis.com/v2/projects/joyerita-5319e/locations/us-central1/operations/operation-1733734877158-628d29b7cda97-f22e094e-da42f215 [none]
[debug] [2024-12-09T09:01:26.854Z] <<< [apiv2][status] GET https://cloudfunctions.googleapis.com/v2/projects/joyerita-5319e/locations/us-central1/operations/operation-1733734877158-628d29b7cda97-f22e094e-da42f215 200
[debug] [2024-12-09T09:01:26.854Z] <<< [apiv2][body] GET https://cloudfunctions.googleapis.com/v2/projects/joyerita-5319e/locations/us-central1/operations/operation-1733734877158-628d29b7cda97-f22e094e-da42f215 {"name":"projects/joyerita-5319e/locations/us-central1/operations/operation-1733734877158-628d29b7cda97-f22e094e-da42f215","metadata":{"@type":"type.googleapis.com/google.cloud.functions.v2.OperationMetadata","createTime":"2024-12-09T09:01:18.347858734Z","target":"projects/joyerita-5319e/locations/us-central1/functions/createCheckoutSession","verb":"create","cancelRequested":false,"apiVersion":"v2","requestResource":{"@type":"type.googleapis.com/google.cloud.functions.v2.Function","name":"projects/joyerita-5319e/locations/us-central1/functions/createCheckoutSession","buildConfig":{"runtime":"nodejs18","entryPoint":"createCheckoutSession","source":{"storageSource":{"bucket":"gcf-v2-sources-965239048987-us-central1","object":"createCheckoutSession/function-source.zip","generation":"1733734878126694"}},"environmentVariables":{"GOOGLE_NODE_RUN_SCRIPTS":""},"serviceAccount":"projects/joyerita-5319e/serviceAccounts/965239048987-compute@developer.gserviceaccount.com","automaticUpdatePolicy":{}},"serviceConfig":{"service":"projects/joyerita-5319e/locations/us-central1/services/createcheckoutsession","timeoutSeconds":60,"environmentVariables":{"FIREBASE_CONFIG":"{\"projectId\":\"joyerita-5319e\",\"storageBucket\":\"joyerita-5319e.firebasestorage.app\"}","GCLOUD_PROJECT":"joyerita-5319e","EVENTARC_CLOUD_EVENT_SOURCE":"projects/joyerita-5319e/locations/us-central1/services/createCheckoutSession","FUNCTION_TARGET":"createCheckoutSession","LOG_EXECUTION_ID":"true"},"ingressSettings":"ALLOW_ALL","serviceAccountEmail":"965239048987-compute@developer.gserviceaccount.com","availableMemory":"256Mi","maxInstanceRequestConcurrency":80,"availableCpu":"1"},"labels":{"deployment-tool":"cli-firebase","firebase-functions-hash":"83be3f8d40dacb17799e51fcd0596542075598a3"},"environment":"GEN_2"},"stages":[{"name":"BUILD","state":"NOT_STARTED"},{"name":"SERVICE","state":"NOT_STARTED"}],"operationType":"CREATE_FUNCTION"},"done":false}
[debug] [2024-12-09T09:01:34.867Z] [create-default-us-central1-createCheckoutSession] Retrying task index 0
[debug] [2024-12-09T09:01:34.868Z] Checked if tokens are valid: true, expires at: 1733736450215
[debug] [2024-12-09T09:01:34.869Z] Checked if tokens are valid: true, expires at: 1733736450215
[debug] [2024-12-09T09:01:34.869Z] >>> [apiv2][query] GET https://cloudfunctions.googleapis.com/v2/projects/joyerita-5319e/locations/us-central1/operations/operation-1733734877158-628d29b7cda97-f22e094e-da42f215 [none]
[debug] [2024-12-09T09:01:35.080Z] <<< [apiv2][status] GET https://cloudfunctions.googleapis.com/v2/projects/joyerita-5319e/locations/us-central1/operations/operation-1733734877158-628d29b7cda97-f22e094e-da42f215 200
[debug] [2024-12-09T09:01:35.080Z] <<< [apiv2][body] GET https://cloudfunctions.googleapis.com/v2/projects/joyerita-5319e/locations/us-central1/operations/operation-1733734877158-628d29b7cda97-f22e094e-da42f215 {"name":"projects/joyerita-5319e/locations/us-central1/operations/operation-1733734877158-628d29b7cda97-f22e094e-da42f215","metadata":{"@type":"type.googleapis.com/google.cloud.functions.v2.OperationMetadata","createTime":"2024-12-09T09:01:18.347858734Z","target":"projects/joyerita-5319e/locations/us-central1/functions/createCheckoutSession","verb":"create","cancelRequested":false,"apiVersion":"v2","requestResource":{"@type":"type.googleapis.com/google.cloud.functions.v2.Function","name":"projects/joyerita-5319e/locations/us-central1/functions/createCheckoutSession","buildConfig":{"runtime":"nodejs18","entryPoint":"createCheckoutSession","source":{"storageSource":{"bucket":"gcf-v2-sources-965239048987-us-central1","object":"createCheckoutSession/function-source.zip","generation":"1733734878126694"}},"environmentVariables":{"GOOGLE_NODE_RUN_SCRIPTS":""},"serviceAccount":"projects/joyerita-5319e/serviceAccounts/965239048987-compute@developer.gserviceaccount.com","automaticUpdatePolicy":{}},"serviceConfig":{"service":"projects/joyerita-5319e/locations/us-central1/services/createcheckoutsession","timeoutSeconds":60,"environmentVariables":{"FIREBASE_CONFIG":"{\"projectId\":\"joyerita-5319e\",\"storageBucket\":\"joyerita-5319e.firebasestorage.app\"}","GCLOUD_PROJECT":"joyerita-5319e","EVENTARC_CLOUD_EVENT_SOURCE":"projects/joyerita-5319e/locations/us-central1/services/createCheckoutSession","FUNCTION_TARGET":"createCheckoutSession","LOG_EXECUTION_ID":"true"},"ingressSettings":"ALLOW_ALL","serviceAccountEmail":"965239048987-compute@developer.gserviceaccount.com","availableMemory":"256Mi","maxInstanceRequestConcurrency":80,"availableCpu":"1"},"labels":{"deployment-tool":"cli-firebase","firebase-functions-hash":"83be3f8d40dacb17799e51fcd0596542075598a3"},"environment":"GEN_2"},"stages":[{"name":"BUILD","message":"Build in progress","state":"IN_PROGRESS","resource":"projects/965239048987/locations/us-central1/builds/81188aab-a40b-446f-a755-162c59abd4d8","resourceUri":"https://console.cloud.google.com/cloud-build/builds;region=us-central1/81188aab-a40b-446f-a755-162c59abd4d8?project=965239048987"},{"name":"SERVICE","state":"NOT_STARTED"}],"operationType":"CREATE_FUNCTION","buildName":"projects/965239048987/locations/us-central1/builds/81188aab-a40b-446f-a755-162c59abd4d8"},"done":false}
[debug] [2024-12-09T09:01:45.084Z] [create-default-us-central1-createCheckoutSession] Retrying task index 0
[debug] [2024-12-09T09:01:45.085Z] Checked if tokens are valid: true, expires at: 1733736450215
[debug] [2024-12-09T09:01:45.085Z] Checked if tokens are valid: true, expires at: 1733736450215
[debug] [2024-12-09T09:01:45.085Z] >>> [apiv2][query] GET https://cloudfunctions.googleapis.com/v2/projects/joyerita-5319e/locations/us-central1/operations/operation-1733734877158-628d29b7cda97-f22e094e-da42f215 [none]
[debug] [2024-12-09T09:01:45.387Z] <<< [apiv2][status] GET https://cloudfunctions.googleapis.com/v2/projects/joyerita-5319e/locations/us-central1/operations/operation-1733734877158-628d29b7cda97-f22e094e-da42f215 200
[debug] [2024-12-09T09:01:45.387Z] <<< [apiv2][body] GET https://cloudfunctions.googleapis.com/v2/projects/joyerita-5319e/locations/us-central1/operations/operation-1733734877158-628d29b7cda97-f22e094e-da42f215 {"name":"projects/joyerita-5319e/locations/us-central1/operations/operation-1733734877158-628d29b7cda97-f22e094e-da42f215","metadata":{"@type":"type.googleapis.com/google.cloud.functions.v2.OperationMetadata","createTime":"2024-12-09T09:01:18.347858734Z","target":"projects/joyerita-5319e/locations/us-central1/functions/createCheckoutSession","verb":"create","cancelRequested":false,"apiVersion":"v2","requestResource":{"@type":"type.googleapis.com/google.cloud.functions.v2.Function","name":"projects/joyerita-5319e/locations/us-central1/functions/createCheckoutSession","buildConfig":{"runtime":"nodejs18","entryPoint":"createCheckoutSession","source":{"storageSource":{"bucket":"gcf-v2-sources-965239048987-us-central1","object":"createCheckoutSession/function-source.zip","generation":"1733734878126694"}},"environmentVariables":{"GOOGLE_NODE_RUN_SCRIPTS":""},"serviceAccount":"projects/joyerita-5319e/serviceAccounts/965239048987-compute@developer.gserviceaccount.com","automaticUpdatePolicy":{}},"serviceConfig":{"service":"projects/joyerita-5319e/locations/us-central1/services/createcheckoutsession","timeoutSeconds":60,"environmentVariables":{"FIREBASE_CONFIG":"{\"projectId\":\"joyerita-5319e\",\"storageBucket\":\"joyerita-5319e.firebasestorage.app\"}","GCLOUD_PROJECT":"joyerita-5319e","EVENTARC_CLOUD_EVENT_SOURCE":"projects/joyerita-5319e/locations/us-central1/services/createCheckoutSession","FUNCTION_TARGET":"createCheckoutSession","LOG_EXECUTION_ID":"true"},"ingressSettings":"ALLOW_ALL","serviceAccountEmail":"965239048987-compute@developer.gserviceaccount.com","availableMemory":"256Mi","maxInstanceRequestConcurrency":80,"availableCpu":"1"},"labels":{"deployment-tool":"cli-firebase","firebase-functions-hash":"83be3f8d40dacb17799e51fcd0596542075598a3"},"environment":"GEN_2"},"stages":[{"name":"BUILD","message":"Build in progress","state":"IN_PROGRESS","resource":"projects/965239048987/locations/us-central1/builds/81188aab-a40b-446f-a755-162c59abd4d8","resourceUri":"https://console.cloud.google.com/cloud-build/builds;region=us-central1/81188aab-a40b-446f-a755-162c59abd4d8?project=965239048987"},{"name":"SERVICE","state":"NOT_STARTED"}],"operationType":"CREATE_FUNCTION","buildName":"projects/965239048987/locations/us-central1/builds/81188aab-a40b-446f-a755-162c59abd4d8"},"done":false}
[debug] [2024-12-09T09:01:55.396Z] [create-default-us-central1-createCheckoutSession] Retrying task index 0
[debug] [2024-12-09T09:01:55.397Z] Checked if tokens are valid: true, expires at: 1733736450215
[debug] [2024-12-09T09:01:55.397Z] Checked if tokens are valid: true, expires at: 1733736450215
[debug] [2024-12-09T09:01:55.398Z] >>> [apiv2][query] GET https://cloudfunctions.googleapis.com/v2/projects/joyerita-5319e/locations/us-central1/operations/operation-1733734877158-628d29b7cda97-f22e094e-da42f215 [none]
[debug] [2024-12-09T09:01:55.632Z] <<< [apiv2][status] GET https://cloudfunctions.googleapis.com/v2/projects/joyerita-5319e/locations/us-central1/operations/operation-1733734877158-628d29b7cda97-f22e094e-da42f215 200
[debug] [2024-12-09T09:01:55.632Z] <<< [apiv2][body] GET https://cloudfunctions.googleapis.com/v2/projects/joyerita-5319e/locations/us-central1/operations/operation-1733734877158-628d29b7cda97-f22e094e-da42f215 {"name":"projects/joyerita-5319e/locations/us-central1/operations/operation-1733734877158-628d29b7cda97-f22e094e-da42f215","metadata":{"@type":"type.googleapis.com/google.cloud.functions.v2.OperationMetadata","createTime":"2024-12-09T09:01:18.347858734Z","target":"projects/joyerita-5319e/locations/us-central1/functions/createCheckoutSession","verb":"create","cancelRequested":false,"apiVersion":"v2","requestResource":{"@type":"type.googleapis.com/google.cloud.functions.v2.Function","name":"projects/joyerita-5319e/locations/us-central1/functions/createCheckoutSession","buildConfig":{"runtime":"nodejs18","entryPoint":"createCheckoutSession","source":{"storageSource":{"bucket":"gcf-v2-sources-965239048987-us-central1","object":"createCheckoutSession/function-source.zip","generation":"1733734878126694"}},"environmentVariables":{"GOOGLE_NODE_RUN_SCRIPTS":""},"serviceAccount":"projects/joyerita-5319e/serviceAccounts/965239048987-compute@developer.gserviceaccount.com","automaticUpdatePolicy":{}},"serviceConfig":{"service":"projects/joyerita-5319e/locations/us-central1/services/createcheckoutsession","timeoutSeconds":60,"environmentVariables":{"FIREBASE_CONFIG":"{\"projectId\":\"joyerita-5319e\",\"storageBucket\":\"joyerita-5319e.firebasestorage.app\"}","GCLOUD_PROJECT":"joyerita-5319e","EVENTARC_CLOUD_EVENT_SOURCE":"projects/joyerita-5319e/locations/us-central1/services/createCheckoutSession","FUNCTION_TARGET":"createCheckoutSession","LOG_EXECUTION_ID":"true"},"ingressSettings":"ALLOW_ALL","serviceAccountEmail":"965239048987-compute@developer.gserviceaccount.com","availableMemory":"256Mi","maxInstanceRequestConcurrency":80,"availableCpu":"1"},"labels":{"deployment-tool":"cli-firebase","firebase-functions-hash":"83be3f8d40dacb17799e51fcd0596542075598a3"},"environment":"GEN_2"},"stages":[{"name":"BUILD","message":"Build in progress","state":"IN_PROGRESS","resource":"projects/965239048987/locations/us-central1/builds/81188aab-a40b-446f-a755-162c59abd4d8","resourceUri":"https://console.cloud.google.com/cloud-build/builds;region=us-central1/81188aab-a40b-446f-a755-162c59abd4d8?project=965239048987"},{"name":"SERVICE","state":"NOT_STARTED"}],"operationType":"CREATE_FUNCTION","buildName":"projects/965239048987/locations/us-central1/builds/81188aab-a40b-446f-a755-162c59abd4d8"},"done":false}
[debug] [2024-12-09T09:02:05.649Z] [create-default-us-central1-createCheckoutSession] Retrying task index 0
[debug] [2024-12-09T09:02:05.650Z] Checked if tokens are valid: true, expires at: 1733736450215
[debug] [2024-12-09T09:02:05.650Z] Checked if tokens are valid: true, expires at: 1733736450215
[debug] [2024-12-09T09:02:05.651Z] >>> [apiv2][query] GET https://cloudfunctions.googleapis.com/v2/projects/joyerita-5319e/locations/us-central1/operations/operation-1733734877158-628d29b7cda97-f22e094e-da42f215 [none]
[debug] [2024-12-09T09:02:05.977Z] <<< [apiv2][status] GET https://cloudfunctions.googleapis.com/v2/projects/joyerita-5319e/locations/us-central1/operations/operation-1733734877158-628d29b7cda97-f22e094e-da42f215 200
[debug] [2024-12-09T09:02:05.978Z] <<< [apiv2][body] GET https://cloudfunctions.googleapis.com/v2/projects/joyerita-5319e/locations/us-central1/operations/operation-1733734877158-628d29b7cda97-f22e094e-da42f215 {"name":"projects/joyerita-5319e/locations/us-central1/operations/operation-1733734877158-628d29b7cda97-f22e094e-da42f215","metadata":{"@type":"type.googleapis.com/google.cloud.functions.v2.OperationMetadata","createTime":"2024-12-09T09:01:18.347858734Z","target":"projects/joyerita-5319e/locations/us-central1/functions/createCheckoutSession","verb":"create","cancelRequested":false,"apiVersion":"v2","requestResource":{"@type":"type.googleapis.com/google.cloud.functions.v2.Function","name":"projects/joyerita-5319e/locations/us-central1/functions/createCheckoutSession","buildConfig":{"runtime":"nodejs18","entryPoint":"createCheckoutSession","source":{"storageSource":{"bucket":"gcf-v2-sources-965239048987-us-central1","object":"createCheckoutSession/function-source.zip","generation":"1733734878126694"}},"environmentVariables":{"GOOGLE_NODE_RUN_SCRIPTS":""},"serviceAccount":"projects/joyerita-5319e/serviceAccounts/965239048987-compute@developer.gserviceaccount.com","automaticUpdatePolicy":{}},"serviceConfig":{"service":"projects/joyerita-5319e/locations/us-central1/services/createcheckoutsession","timeoutSeconds":60,"environmentVariables":{"FIREBASE_CONFIG":"{\"projectId\":\"joyerita-5319e\",\"storageBucket\":\"joyerita-5319e.firebasestorage.app\"}","GCLOUD_PROJECT":"joyerita-5319e","EVENTARC_CLOUD_EVENT_SOURCE":"projects/joyerita-5319e/locations/us-central1/services/createCheckoutSession","FUNCTION_TARGET":"createCheckoutSession","LOG_EXECUTION_ID":"true"},"ingressSettings":"ALLOW_ALL","serviceAccountEmail":"965239048987-compute@developer.gserviceaccount.com","availableMemory":"256Mi","maxInstanceRequestConcurrency":80,"availableCpu":"1"},"labels":{"deployment-tool":"cli-firebase","firebase-functions-hash":"83be3f8d40dacb17799e51fcd0596542075598a3"},"environment":"GEN_2"},"stages":[{"name":"BUILD","message":"Build in progress","state":"IN_PROGRESS","resource":"projects/965239048987/locations/us-central1/builds/81188aab-a40b-446f-a755-162c59abd4d8","resourceUri":"https://console.cloud.google.com/cloud-build/builds;region=us-central1/81188aab-a40b-446f-a755-162c59abd4d8?project=965239048987"},{"name":"SERVICE","state":"NOT_STARTED"}],"operationType":"CREATE_FUNCTION","buildName":"projects/965239048987/locations/us-central1/builds/81188aab-a40b-446f-a755-162c59abd4d8"},"done":false}
[debug] [2024-12-09T09:02:15.988Z] [create-default-us-central1-createCheckoutSession] Retrying task index 0
[debug] [2024-12-09T09:02:15.989Z] Checked if tokens are valid: true, expires at: 1733736450215
[debug] [2024-12-09T09:02:15.989Z] Checked if tokens are valid: true, expires at: 1733736450215
[debug] [2024-12-09T09:02:15.989Z] >>> [apiv2][query] GET https://cloudfunctions.googleapis.com/v2/projects/joyerita-5319e/locations/us-central1/operations/operation-1733734877158-628d29b7cda97-f22e094e-da42f215 [none]
[debug] [2024-12-09T09:02:16.316Z] <<< [apiv2][status] GET https://cloudfunctions.googleapis.com/v2/projects/joyerita-5319e/locations/us-central1/operations/operation-1733734877158-628d29b7cda97-f22e094e-da42f215 200
[debug] [2024-12-09T09:02:16.317Z] <<< [apiv2][body] GET https://cloudfunctions.googleapis.com/v2/projects/joyerita-5319e/locations/us-central1/operations/operation-1733734877158-628d29b7cda97-f22e094e-da42f215 {"name":"projects/joyerita-5319e/locations/us-central1/operations/operation-1733734877158-628d29b7cda97-f22e094e-da42f215","metadata":{"@type":"type.googleapis.com/google.cloud.functions.v2.OperationMetadata","createTime":"2024-12-09T09:01:18.347858734Z","target":"projects/joyerita-5319e/locations/us-central1/functions/createCheckoutSession","verb":"create","cancelRequested":false,"apiVersion":"v2","requestResource":{"@type":"type.googleapis.com/google.cloud.functions.v2.Function","name":"projects/joyerita-5319e/locations/us-central1/functions/createCheckoutSession","buildConfig":{"runtime":"nodejs18","entryPoint":"createCheckoutSession","source":{"storageSource":{"bucket":"gcf-v2-sources-965239048987-us-central1","object":"createCheckoutSession/function-source.zip","generation":"1733734878126694"}},"environmentVariables":{"GOOGLE_NODE_RUN_SCRIPTS":""},"serviceAccount":"projects/joyerita-5319e/serviceAccounts/965239048987-compute@developer.gserviceaccount.com","automaticUpdatePolicy":{}},"serviceConfig":{"service":"projects/joyerita-5319e/locations/us-central1/services/createcheckoutsession","timeoutSeconds":60,"environmentVariables":{"FIREBASE_CONFIG":"{\"projectId\":\"joyerita-5319e\",\"storageBucket\":\"joyerita-5319e.firebasestorage.app\"}","GCLOUD_PROJECT":"joyerita-5319e","EVENTARC_CLOUD_EVENT_SOURCE":"projects/joyerita-5319e/locations/us-central1/services/createCheckoutSession","FUNCTION_TARGET":"createCheckoutSession","LOG_EXECUTION_ID":"true"},"ingressSettings":"ALLOW_ALL","serviceAccountEmail":"965239048987-compute@developer.gserviceaccount.com","availableMemory":"256Mi","maxInstanceRequestConcurrency":80,"availableCpu":"1"},"labels":{"deployment-tool":"cli-firebase","firebase-functions-hash":"83be3f8d40dacb17799e51fcd0596542075598a3"},"environment":"GEN_2"},"stages":[{"name":"BUILD","message":"Build in progress","state":"IN_PROGRESS","resource":"projects/965239048987/locations/us-central1/builds/81188aab-a40b-446f-a755-162c59abd4d8","resourceUri":"https://console.cloud.google.com/cloud-build/builds;region=us-central1/81188aab-a40b-446f-a755-162c59abd4d8?project=965239048987"},{"name":"SERVICE","state":"NOT_STARTED"}],"operationType":"CREATE_FUNCTION","buildName":"projects/965239048987/locations/us-central1/builds/81188aab-a40b-446f-a755-162c59abd4d8"},"done":false}
[debug] [2024-12-09T09:02:26.317Z] [create-default-us-central1-createCheckoutSession] Retrying task index 0
[debug] [2024-12-09T09:02:26.317Z] Checked if tokens are valid: true, expires at: 1733736450215
[debug] [2024-12-09T09:02:26.318Z] Checked if tokens are valid: true, expires at: 1733736450215
[debug] [2024-12-09T09:02:26.318Z] >>> [apiv2][query] GET https://cloudfunctions.googleapis.com/v2/projects/joyerita-5319e/locations/us-central1/operations/operation-1733734877158-628d29b7cda97-f22e094e-da42f215 [none]
[debug] [2024-12-09T09:02:26.506Z] <<< [apiv2][status] GET https://cloudfunctions.googleapis.com/v2/projects/joyerita-5319e/locations/us-central1/operations/operation-1733734877158-628d29b7cda97-f22e094e-da42f215 200
[debug] [2024-12-09T09:02:26.507Z] <<< [apiv2][body] GET https://cloudfunctions.googleapis.com/v2/projects/joyerita-5319e/locations/us-central1/operations/operation-1733734877158-628d29b7cda97-f22e094e-da42f215 {"name":"projects/joyerita-5319e/locations/us-central1/operations/operation-1733734877158-628d29b7cda97-f22e094e-da42f215","metadata":{"@type":"type.googleapis.com/google.cloud.functions.v2.OperationMetadata","createTime":"2024-12-09T09:01:18.347858734Z","target":"projects/joyerita-5319e/locations/us-central1/functions/createCheckoutSession","verb":"create","cancelRequested":false,"apiVersion":"v2","requestResource":{"@type":"type.googleapis.com/google.cloud.functions.v2.Function","name":"projects/joyerita-5319e/locations/us-central1/functions/createCheckoutSession","buildConfig":{"runtime":"nodejs18","entryPoint":"createCheckoutSession","source":{"storageSource":{"bucket":"gcf-v2-sources-965239048987-us-central1","object":"createCheckoutSession/function-source.zip","generation":"1733734878126694"}},"environmentVariables":{"GOOGLE_NODE_RUN_SCRIPTS":""},"serviceAccount":"projects/joyerita-5319e/serviceAccounts/965239048987-compute@developer.gserviceaccount.com","automaticUpdatePolicy":{}},"serviceConfig":{"service":"projects/joyerita-5319e/locations/us-central1/services/createcheckoutsession","timeoutSeconds":60,"environmentVariables":{"FIREBASE_CONFIG":"{\"projectId\":\"joyerita-5319e\",\"storageBucket\":\"joyerita-5319e.firebasestorage.app\"}","GCLOUD_PROJECT":"joyerita-5319e","EVENTARC_CLOUD_EVENT_SOURCE":"projects/joyerita-5319e/locations/us-central1/services/createCheckoutSession","FUNCTION_TARGET":"createCheckoutSession","LOG_EXECUTION_ID":"true"},"ingressSettings":"ALLOW_ALL","serviceAccountEmail":"965239048987-compute@developer.gserviceaccount.com","availableMemory":"256Mi","maxInstanceRequestConcurrency":80,"availableCpu":"1"},"labels":{"deployment-tool":"cli-firebase","firebase-functions-hash":"83be3f8d40dacb17799e51fcd0596542075598a3"},"environment":"GEN_2"},"stages":[{"name":"BUILD","message":"Build finished","state":"COMPLETE","resource":"projects/965239048987/locations/us-central1/builds/81188aab-a40b-446f-a755-162c59abd4d8","resourceUri":"https://console.cloud.google.com/cloud-build/builds;region=us-central1/81188aab-a40b-446f-a755-162c59abd4d8?project=965239048987"},{"name":"SERVICE","message":"Creating Cloud Run service","state":"IN_PROGRESS","resource":"projects/joyerita-5319e/locations/us-central1/services/createcheckoutsession","resourceUri":"https://console.cloud.google.com/run/detail/us-central1/createcheckoutsession?project=joyerita-5319e"}],"sourceToken":"Cldwcm9qZWN0cy85NjUyMzkwNDg5ODcvbG9jYXRpb25zL3VzLWNlbnRyYWwxL2J1aWxkcy84MTE4OGFhYi1hNDBiLTQ0NmYtYTc1NS0xNjJjNTlhYmQ0ZDgSeHVzLWNlbnRyYWwxLWRvY2tlci5wa2cuZGV2L2pveWVyaXRhLTUzMTllL2djZi1hcnRpZmFjdHMvam95ZXJpdGEtLTUzMTllX191cy0tY2VudHJhbDFfX2NyZWF0ZV9jaGVja291dF9zZXNzaW9uOnZlcnNpb25fMRibluzlixwiTXByb2plY3RzL2pveWVyaXRhLTUzMTllL2xvY2F0aW9ucy91cy1jZW50cmFsMS9mdW5jdGlvbnMvY3JlYXRlQ2hlY2tvdXRTZXNzaW9uKgwImeTaugYQoMiqnAMyCG5vZGVqczE4OnYKI2djci5pby9nYWUtcnVudGltZXMvbm9kZWpzMTg6c3RhYmxlEk91cy1jZW50cmFsMS1kb2NrZXIucGtnLmRldi9zZXJ2ZXJsZXNzLXJ1bnRpbWVzL2dvb2dsZS0yMi1mdWxsL3J1bnRpbWVzL25vZGVqczE4QAE=","operationType":"CREATE_FUNCTION","buildName":"projects/965239048987/locations/us-central1/builds/81188aab-a40b-446f-a755-162c59abd4d8"},"done":false}
[debug] [2024-12-09T09:02:26.507Z] Got source token Cldwcm9qZWN0cy85NjUyMzkwNDg5ODcvbG9jYXRpb25zL3VzLWNlbnRyYWwxL2J1aWxkcy84MTE4OGFhYi1hNDBiLTQ0NmYtYTc1NS0xNjJjNTlhYmQ0ZDgSeHVzLWNlbnRyYWwxLWRvY2tlci5wa2cuZGV2L2pveWVyaXRhLTUzMTllL2djZi1hcnRpZmFjdHMvam95ZXJpdGEtLTUzMTllX191cy0tY2VudHJhbDFfX2NyZWF0ZV9jaGVja291dF9zZXNzaW9uOnZlcnNpb25fMRibluzlixwiTXByb2plY3RzL2pveWVyaXRhLTUzMTllL2xvY2F0aW9ucy91cy1jZW50cmFsMS9mdW5jdGlvbnMvY3JlYXRlQ2hlY2tvdXRTZXNzaW9uKgwImeTaugYQoMiqnAMyCG5vZGVqczE4OnYKI2djci5pby9nYWUtcnVudGltZXMvbm9kZWpzMTg6c3RhYmxlEk91cy1jZW50cmFsMS1kb2NrZXIucGtnLmRldi9zZXJ2ZXJsZXNzLXJ1bnRpbWVzL2dvb2dsZS0yMi1mdWxsL3J1bnRpbWVzL25vZGVqczE4QAE= for region us-central1
[debug] [2024-12-09T09:02:36.515Z] [create-default-us-central1-createCheckoutSession] Retrying task index 0
[debug] [2024-12-09T09:02:36.516Z] Checked if tokens are valid: true, expires at: 1733736450215
[debug] [2024-12-09T09:02:36.517Z] Checked if tokens are valid: true, expires at: 1733736450215
[debug] [2024-12-09T09:02:36.517Z] >>> [apiv2][query] GET https://cloudfunctions.googleapis.com/v2/projects/joyerita-5319e/locations/us-central1/operations/operation-1733734877158-628d29b7cda97-f22e094e-da42f215 [none]
[debug] [2024-12-09T09:02:36.726Z] <<< [apiv2][status] GET https://cloudfunctions.googleapis.com/v2/projects/joyerita-5319e/locations/us-central1/operations/operation-1733734877158-628d29b7cda97-f22e094e-da42f215 200
[debug] [2024-12-09T09:02:36.726Z] <<< [apiv2][body] GET https://cloudfunctions.googleapis.com/v2/projects/joyerita-5319e/locations/us-central1/operations/operation-1733734877158-628d29b7cda97-f22e094e-da42f215 {"name":"projects/joyerita-5319e/locations/us-central1/operations/operation-1733734877158-628d29b7cda97-f22e094e-da42f215","metadata":{"@type":"type.googleapis.com/google.cloud.functions.v2.OperationMetadata","createTime":"2024-12-09T09:01:18.347858734Z","target":"projects/joyerita-5319e/locations/us-central1/functions/createCheckoutSession","verb":"create","cancelRequested":false,"apiVersion":"v2","requestResource":{"@type":"type.googleapis.com/google.cloud.functions.v2.Function","name":"projects/joyerita-5319e/locations/us-central1/functions/createCheckoutSession","buildConfig":{"runtime":"nodejs18","entryPoint":"createCheckoutSession","source":{"storageSource":{"bucket":"gcf-v2-sources-965239048987-us-central1","object":"createCheckoutSession/function-source.zip","generation":"1733734878126694"}},"environmentVariables":{"GOOGLE_NODE_RUN_SCRIPTS":""},"serviceAccount":"projects/joyerita-5319e/serviceAccounts/965239048987-compute@developer.gserviceaccount.com","automaticUpdatePolicy":{}},"serviceConfig":{"service":"projects/joyerita-5319e/locations/us-central1/services/createcheckoutsession","timeoutSeconds":60,"environmentVariables":{"FIREBASE_CONFIG":"{\"projectId\":\"joyerita-5319e\",\"storageBucket\":\"joyerita-5319e.firebasestorage.app\"}","GCLOUD_PROJECT":"joyerita-5319e","EVENTARC_CLOUD_EVENT_SOURCE":"projects/joyerita-5319e/locations/us-central1/services/createCheckoutSession","FUNCTION_TARGET":"createCheckoutSession","LOG_EXECUTION_ID":"true"},"ingressSettings":"ALLOW_ALL","serviceAccountEmail":"965239048987-compute@developer.gserviceaccount.com","availableMemory":"256Mi","maxInstanceRequestConcurrency":80,"availableCpu":"1"},"labels":{"deployment-tool":"cli-firebase","firebase-functions-hash":"83be3f8d40dacb17799e51fcd0596542075598a3"},"environment":"GEN_2"},"stages":[{"name":"BUILD","message":"Build finished","state":"COMPLETE","resource":"projects/965239048987/locations/us-central1/builds/81188aab-a40b-446f-a755-162c59abd4d8","resourceUri":"https://console.cloud.google.com/cloud-build/builds;region=us-central1/81188aab-a40b-446f-a755-162c59abd4d8?project=965239048987"},{"name":"SERVICE","message":"Creating Cloud Run service","state":"IN_PROGRESS","resource":"projects/joyerita-5319e/locations/us-central1/services/createcheckoutsession","resourceUri":"https://console.cloud.google.com/run/detail/us-central1/createcheckoutsession?project=joyerita-5319e"}],"sourceToken":"Cldwcm9qZWN0cy85NjUyMzkwNDg5ODcvbG9jYXRpb25zL3VzLWNlbnRyYWwxL2J1aWxkcy84MTE4OGFhYi1hNDBiLTQ0NmYtYTc1NS0xNjJjNTlhYmQ0ZDgSeHVzLWNlbnRyYWwxLWRvY2tlci5wa2cuZGV2L2pveWVyaXRhLTUzMTllL2djZi1hcnRpZmFjdHMvam95ZXJpdGEtLTUzMTllX191cy0tY2VudHJhbDFfX2NyZWF0ZV9jaGVja291dF9zZXNzaW9uOnZlcnNpb25fMRibluzlixwiTXByb2plY3RzL2pveWVyaXRhLTUzMTllL2xvY2F0aW9ucy91cy1jZW50cmFsMS9mdW5jdGlvbnMvY3JlYXRlQ2hlY2tvdXRTZXNzaW9uKgwImeTaugYQoMiqnAMyCG5vZGVqczE4OnYKI2djci5pby9nYWUtcnVudGltZXMvbm9kZWpzMTg6c3RhYmxlEk91cy1jZW50cmFsMS1kb2NrZXIucGtnLmRldi9zZXJ2ZXJsZXNzLXJ1bnRpbWVzL2dvb2dsZS0yMi1mdWxsL3J1bnRpbWVzL25vZGVqczE4QAE=","operationType":"CREATE_FUNCTION","buildName":"projects/965239048987/locations/us-central1/builds/81188aab-a40b-446f-a755-162c59abd4d8"},"done":false}
[debug] [2024-12-09T09:02:36.726Z] Got source token Cldwcm9qZWN0cy85NjUyMzkwNDg5ODcvbG9jYXRpb25zL3VzLWNlbnRyYWwxL2J1aWxkcy84MTE4OGFhYi1hNDBiLTQ0NmYtYTc1NS0xNjJjNTlhYmQ0ZDgSeHVzLWNlbnRyYWwxLWRvY2tlci5wa2cuZGV2L2pveWVyaXRhLTUzMTllL2djZi1hcnRpZmFjdHMvam95ZXJpdGEtLTUzMTllX191cy0tY2VudHJhbDFfX2NyZWF0ZV9jaGVja291dF9zZXNzaW9uOnZlcnNpb25fMRibluzlixwiTXByb2plY3RzL2pveWVyaXRhLTUzMTllL2xvY2F0aW9ucy91cy1jZW50cmFsMS9mdW5jdGlvbnMvY3JlYXRlQ2hlY2tvdXRTZXNzaW9uKgwImeTaugYQoMiqnAMyCG5vZGVqczE4OnYKI2djci5pby9nYWUtcnVudGltZXMvbm9kZWpzMTg6c3RhYmxlEk91cy1jZW50cmFsMS1kb2NrZXIucGtnLmRldi9zZXJ2ZXJsZXNzLXJ1bnRpbWVzL2dvb2dsZS0yMi1mdWxsL3J1bnRpbWVzL25vZGVqczE4QAE= for region us-central1
[debug] [2024-12-09T09:02:46.738Z] [create-default-us-central1-createCheckoutSession] Retrying task index 0
[debug] [2024-12-09T09:02:46.738Z] Checked if tokens are valid: true, expires at: 1733736450215
[debug] [2024-12-09T09:02:46.739Z] Checked if tokens are valid: true, expires at: 1733736450215
[debug] [2024-12-09T09:02:46.739Z] >>> [apiv2][query] GET https://cloudfunctions.googleapis.com/v2/projects/joyerita-5319e/locations/us-central1/operations/operation-1733734877158-628d29b7cda97-f22e094e-da42f215 [none]
[debug] [2024-12-09T09:02:46.923Z] <<< [apiv2][status] GET https://cloudfunctions.googleapis.com/v2/projects/joyerita-5319e/locations/us-central1/operations/operation-1733734877158-628d29b7cda97-f22e094e-da42f215 200
[debug] [2024-12-09T09:02:46.923Z] <<< [apiv2][body] GET https://cloudfunctions.googleapis.com/v2/projects/joyerita-5319e/locations/us-central1/operations/operation-1733734877158-628d29b7cda97-f22e094e-da42f215 {"name":"projects/joyerita-5319e/locations/us-central1/operations/operation-1733734877158-628d29b7cda97-f22e094e-da42f215","metadata":{"@type":"type.googleapis.com/google.cloud.functions.v2.OperationMetadata","createTime":"2024-12-09T09:01:18.347858734Z","target":"projects/joyerita-5319e/locations/us-central1/functions/createCheckoutSession","verb":"create","cancelRequested":false,"apiVersion":"v2","requestResource":{"@type":"type.googleapis.com/google.cloud.functions.v2.Function","name":"projects/joyerita-5319e/locations/us-central1/functions/createCheckoutSession","buildConfig":{"runtime":"nodejs18","entryPoint":"createCheckoutSession","source":{"storageSource":{"bucket":"gcf-v2-sources-965239048987-us-central1","object":"createCheckoutSession/function-source.zip","generation":"1733734878126694"}},"environmentVariables":{"GOOGLE_NODE_RUN_SCRIPTS":""},"serviceAccount":"projects/joyerita-5319e/serviceAccounts/965239048987-compute@developer.gserviceaccount.com","automaticUpdatePolicy":{}},"serviceConfig":{"service":"projects/joyerita-5319e/locations/us-central1/services/createcheckoutsession","timeoutSeconds":60,"environmentVariables":{"FIREBASE_CONFIG":"{\"projectId\":\"joyerita-5319e\",\"storageBucket\":\"joyerita-5319e.firebasestorage.app\"}","GCLOUD_PROJECT":"joyerita-5319e","EVENTARC_CLOUD_EVENT_SOURCE":"projects/joyerita-5319e/locations/us-central1/services/createCheckoutSession","FUNCTION_TARGET":"createCheckoutSession","LOG_EXECUTION_ID":"true"},"ingressSettings":"ALLOW_ALL","serviceAccountEmail":"965239048987-compute@developer.gserviceaccount.com","availableMemory":"256Mi","maxInstanceRequestConcurrency":80,"availableCpu":"1"},"labels":{"deployment-tool":"cli-firebase","firebase-functions-hash":"83be3f8d40dacb17799e51fcd0596542075598a3"},"environment":"GEN_2"},"stages":[{"name":"BUILD","message":"Build finished","state":"COMPLETE","resource":"projects/965239048987/locations/us-central1/builds/81188aab-a40b-446f-a755-162c59abd4d8","resourceUri":"https://console.cloud.google.com/cloud-build/builds;region=us-central1/81188aab-a40b-446f-a755-162c59abd4d8?project=965239048987"},{"name":"SERVICE","message":"Creating Cloud Run service","state":"IN_PROGRESS","resource":"projects/joyerita-5319e/locations/us-central1/services/createcheckoutsession","resourceUri":"https://console.cloud.google.com/run/detail/us-central1/createcheckoutsession?project=joyerita-5319e"}],"sourceToken":"Cldwcm9qZWN0cy85NjUyMzkwNDg5ODcvbG9jYXRpb25zL3VzLWNlbnRyYWwxL2J1aWxkcy84MTE4OGFhYi1hNDBiLTQ0NmYtYTc1NS0xNjJjNTlhYmQ0ZDgSeHVzLWNlbnRyYWwxLWRvY2tlci5wa2cuZGV2L2pveWVyaXRhLTUzMTllL2djZi1hcnRpZmFjdHMvam95ZXJpdGEtLTUzMTllX191cy0tY2VudHJhbDFfX2NyZWF0ZV9jaGVja291dF9zZXNzaW9uOnZlcnNpb25fMRibluzlixwiTXByb2plY3RzL2pveWVyaXRhLTUzMTllL2xvY2F0aW9ucy91cy1jZW50cmFsMS9mdW5jdGlvbnMvY3JlYXRlQ2hlY2tvdXRTZXNzaW9uKgwImeTaugYQoMiqnAMyCG5vZGVqczE4OnYKI2djci5pby9nYWUtcnVudGltZXMvbm9kZWpzMTg6c3RhYmxlEk91cy1jZW50cmFsMS1kb2NrZXIucGtnLmRldi9zZXJ2ZXJsZXNzLXJ1bnRpbWVzL2dvb2dsZS0yMi1mdWxsL3J1bnRpbWVzL25vZGVqczE4QAE=","operationType":"CREATE_FUNCTION","buildName":"projects/965239048987/locations/us-central1/builds/81188aab-a40b-446f-a755-162c59abd4d8"},"done":false}
[debug] [2024-12-09T09:02:46.923Z] Got source token Cldwcm9qZWN0cy85NjUyMzkwNDg5ODcvbG9jYXRpb25zL3VzLWNlbnRyYWwxL2J1aWxkcy84MTE4OGFhYi1hNDBiLTQ0NmYtYTc1NS0xNjJjNTlhYmQ0ZDgSeHVzLWNlbnRyYWwxLWRvY2tlci5wa2cuZGV2L2pveWVyaXRhLTUzMTllL2djZi1hcnRpZmFjdHMvam95ZXJpdGEtLTUzMTllX191cy0tY2VudHJhbDFfX2NyZWF0ZV9jaGVja291dF9zZXNzaW9uOnZlcnNpb25fMRibluzlixwiTXByb2plY3RzL2pveWVyaXRhLTUzMTllL2xvY2F0aW9ucy91cy1jZW50cmFsMS9mdW5jdGlvbnMvY3JlYXRlQ2hlY2tvdXRTZXNzaW9uKgwImeTaugYQoMiqnAMyCG5vZGVqczE4OnYKI2djci5pby9nYWUtcnVudGltZXMvbm9kZWpzMTg6c3RhYmxlEk91cy1jZW50cmFsMS1kb2NrZXIucGtnLmRldi9zZXJ2ZXJsZXNzLXJ1bnRpbWVzL2dvb2dsZS0yMi1mdWxsL3J1bnRpbWVzL25vZGVqczE4QAE= for region us-central1
[debug] [2024-12-09T09:02:56.925Z] [create-default-us-central1-createCheckoutSession] Retrying task index 0
[debug] [2024-12-09T09:02:56.926Z] Checked if tokens are valid: true, expires at: 1733736450215
[debug] [2024-12-09T09:02:56.926Z] Checked if tokens are valid: true, expires at: 1733736450215
[debug] [2024-12-09T09:02:56.927Z] >>> [apiv2][query] GET https://cloudfunctions.googleapis.com/v2/projects/joyerita-5319e/locations/us-central1/operations/operation-1733734877158-628d29b7cda97-f22e094e-da42f215 [none]
[debug] [2024-12-09T09:02:57.272Z] <<< [apiv2][status] GET https://cloudfunctions.googleapis.com/v2/projects/joyerita-5319e/locations/us-central1/operations/operation-1733734877158-628d29b7cda97-f22e094e-da42f215 200
[debug] [2024-12-09T09:02:57.272Z] <<< [apiv2][body] GET https://cloudfunctions.googleapis.com/v2/projects/joyerita-5319e/locations/us-central1/operations/operation-1733734877158-628d29b7cda97-f22e094e-da42f215 {"name":"projects/joyerita-5319e/locations/us-central1/operations/operation-1733734877158-628d29b7cda97-f22e094e-da42f215","metadata":{"@type":"type.googleapis.com/google.cloud.functions.v2.OperationMetadata","createTime":"2024-12-09T09:01:18.347858734Z","target":"projects/joyerita-5319e/locations/us-central1/functions/createCheckoutSession","verb":"create","cancelRequested":false,"apiVersion":"v2","requestResource":{"@type":"type.googleapis.com/google.cloud.functions.v2.Function","name":"projects/joyerita-5319e/locations/us-central1/functions/createCheckoutSession","buildConfig":{"runtime":"nodejs18","entryPoint":"createCheckoutSession","source":{"storageSource":{"bucket":"gcf-v2-sources-965239048987-us-central1","object":"createCheckoutSession/function-source.zip","generation":"1733734878126694"}},"environmentVariables":{"GOOGLE_NODE_RUN_SCRIPTS":""},"serviceAccount":"projects/joyerita-5319e/serviceAccounts/965239048987-compute@developer.gserviceaccount.com","automaticUpdatePolicy":{}},"serviceConfig":{"service":"projects/joyerita-5319e/locations/us-central1/services/createcheckoutsession","timeoutSeconds":60,"environmentVariables":{"FIREBASE_CONFIG":"{\"projectId\":\"joyerita-5319e\",\"storageBucket\":\"joyerita-5319e.firebasestorage.app\"}","GCLOUD_PROJECT":"joyerita-5319e","EVENTARC_CLOUD_EVENT_SOURCE":"projects/joyerita-5319e/locations/us-central1/services/createCheckoutSession","FUNCTION_TARGET":"createCheckoutSession","LOG_EXECUTION_ID":"true"},"ingressSettings":"ALLOW_ALL","serviceAccountEmail":"965239048987-compute@developer.gserviceaccount.com","availableMemory":"256Mi","maxInstanceRequestConcurrency":80,"availableCpu":"1"},"labels":{"deployment-tool":"cli-firebase","firebase-functions-hash":"83be3f8d40dacb17799e51fcd0596542075598a3"},"environment":"GEN_2"},"stages":[{"name":"BUILD","message":"Build finished","state":"COMPLETE","resource":"projects/965239048987/locations/us-central1/builds/81188aab-a40b-446f-a755-162c59abd4d8","resourceUri":"https://console.cloud.google.com/cloud-build/builds;region=us-central1/81188aab-a40b-446f-a755-162c59abd4d8?project=965239048987"},{"name":"SERVICE","message":"Creating Cloud Run service","state":"IN_PROGRESS","resource":"projects/joyerita-5319e/locations/us-central1/services/createcheckoutsession","resourceUri":"https://console.cloud.google.com/run/detail/us-central1/createcheckoutsession?project=joyerita-5319e"}],"sourceToken":"Cldwcm9qZWN0cy85NjUyMzkwNDg5ODcvbG9jYXRpb25zL3VzLWNlbnRyYWwxL2J1aWxkcy84MTE4OGFhYi1hNDBiLTQ0NmYtYTc1NS0xNjJjNTlhYmQ0ZDgSeHVzLWNlbnRyYWwxLWRvY2tlci5wa2cuZGV2L2pveWVyaXRhLTUzMTllL2djZi1hcnRpZmFjdHMvam95ZXJpdGEtLTUzMTllX191cy0tY2VudHJhbDFfX2NyZWF0ZV9jaGVja291dF9zZXNzaW9uOnZlcnNpb25fMRibluzlixwiTXByb2plY3RzL2pveWVyaXRhLTUzMTllL2xvY2F0aW9ucy91cy1jZW50cmFsMS9mdW5jdGlvbnMvY3JlYXRlQ2hlY2tvdXRTZXNzaW9uKgwImeTaugYQoMiqnAMyCG5vZGVqczE4OnYKI2djci5pby9nYWUtcnVudGltZXMvbm9kZWpzMTg6c3RhYmxlEk91cy1jZW50cmFsMS1kb2NrZXIucGtnLmRldi9zZXJ2ZXJsZXNzLXJ1bnRpbWVzL2dvb2dsZS0yMi1mdWxsL3J1bnRpbWVzL25vZGVqczE4QAE=","operationType":"CREATE_FUNCTION","buildName":"projects/965239048987/locations/us-central1/builds/81188aab-a40b-446f-a755-162c59abd4d8"},"done":false}
[debug] [2024-12-09T09:02:57.272Z] Got source token Cldwcm9qZWN0cy85NjUyMzkwNDg5ODcvbG9jYXRpb25zL3VzLWNlbnRyYWwxL2J1aWxkcy84MTE4OGFhYi1hNDBiLTQ0NmYtYTc1NS0xNjJjNTlhYmQ0ZDgSeHVzLWNlbnRyYWwxLWRvY2tlci5wa2cuZGV2L2pveWVyaXRhLTUzMTllL2djZi1hcnRpZmFjdHMvam95ZXJpdGEtLTUzMTllX191cy0tY2VudHJhbDFfX2NyZWF0ZV9jaGVja291dF9zZXNzaW9uOnZlcnNpb25fMRibluzlixwiTXByb2plY3RzL2pveWVyaXRhLTUzMTllL2xvY2F0aW9ucy91cy1jZW50cmFsMS9mdW5jdGlvbnMvY3JlYXRlQ2hlY2tvdXRTZXNzaW9uKgwImeTaugYQoMiqnAMyCG5vZGVqczE4OnYKI2djci5pby9nYWUtcnVudGltZXMvbm9kZWpzMTg6c3RhYmxlEk91cy1jZW50cmFsMS1kb2NrZXIucGtnLmRldi9zZXJ2ZXJsZXNzLXJ1bnRpbWVzL2dvb2dsZS0yMi1mdWxsL3J1bnRpbWVzL25vZGVqczE4QAE= for region us-central1
[debug] [2024-12-09T09:03:07.283Z] [create-default-us-central1-createCheckoutSession] Retrying task index 0
[debug] [2024-12-09T09:03:07.283Z] Checked if tokens are valid: true, expires at: 1733736450215
[debug] [2024-12-09T09:03:07.283Z] Checked if tokens are valid: true, expires at: 1733736450215
[debug] [2024-12-09T09:03:07.283Z] >>> [apiv2][query] GET https://cloudfunctions.googleapis.com/v2/projects/joyerita-5319e/locations/us-central1/operations/operation-1733734877158-628d29b7cda97-f22e094e-da42f215 [none]
[debug] [2024-12-09T09:03:07.513Z] <<< [apiv2][status] GET https://cloudfunctions.googleapis.com/v2/projects/joyerita-5319e/locations/us-central1/operations/operation-1733734877158-628d29b7cda97-f22e094e-da42f215 200
[debug] [2024-12-09T09:03:07.513Z] <<< [apiv2][body] GET https://cloudfunctions.googleapis.com/v2/projects/joyerita-5319e/locations/us-central1/operations/operation-1733734877158-628d29b7cda97-f22e094e-da42f215 {"name":"projects/joyerita-5319e/locations/us-central1/operations/operation-1733734877158-628d29b7cda97-f22e094e-da42f215","metadata":{"@type":"type.googleapis.com/google.cloud.functions.v2.OperationMetadata","createTime":"2024-12-09T09:01:18.347858734Z","target":"projects/joyerita-5319e/locations/us-central1/functions/createCheckoutSession","verb":"create","cancelRequested":false,"apiVersion":"v2","requestResource":{"@type":"type.googleapis.com/google.cloud.functions.v2.Function","name":"projects/joyerita-5319e/locations/us-central1/functions/createCheckoutSession","buildConfig":{"runtime":"nodejs18","entryPoint":"createCheckoutSession","source":{"storageSource":{"bucket":"gcf-v2-sources-965239048987-us-central1","object":"createCheckoutSession/function-source.zip","generation":"1733734878126694"}},"environmentVariables":{"GOOGLE_NODE_RUN_SCRIPTS":""},"serviceAccount":"projects/joyerita-5319e/serviceAccounts/965239048987-compute@developer.gserviceaccount.com","automaticUpdatePolicy":{}},"serviceConfig":{"service":"projects/joyerita-5319e/locations/us-central1/services/createcheckoutsession","timeoutSeconds":60,"environmentVariables":{"FIREBASE_CONFIG":"{\"projectId\":\"joyerita-5319e\",\"storageBucket\":\"joyerita-5319e.firebasestorage.app\"}","GCLOUD_PROJECT":"joyerita-5319e","EVENTARC_CLOUD_EVENT_SOURCE":"projects/joyerita-5319e/locations/us-central1/services/createCheckoutSession","FUNCTION_TARGET":"createCheckoutSession","LOG_EXECUTION_ID":"true"},"ingressSettings":"ALLOW_ALL","serviceAccountEmail":"965239048987-compute@developer.gserviceaccount.com","availableMemory":"256Mi","maxInstanceRequestConcurrency":80,"availableCpu":"1"},"labels":{"deployment-tool":"cli-firebase","firebase-functions-hash":"83be3f8d40dacb17799e51fcd0596542075598a3"},"environment":"GEN_2"},"stages":[{"name":"BUILD","message":"Build finished","state":"COMPLETE","resource":"projects/965239048987/locations/us-central1/builds/81188aab-a40b-446f-a755-162c59abd4d8","resourceUri":"https://console.cloud.google.com/cloud-build/builds;region=us-central1/81188aab-a40b-446f-a755-162c59abd4d8?project=965239048987"},{"name":"SERVICE","message":"Creating Cloud Run service","state":"IN_PROGRESS","resource":"projects/joyerita-5319e/locations/us-central1/services/createcheckoutsession","resourceUri":"https://console.cloud.google.com/run/detail/us-central1/createcheckoutsession?project=joyerita-5319e"}],"sourceToken":"Cldwcm9qZWN0cy85NjUyMzkwNDg5ODcvbG9jYXRpb25zL3VzLWNlbnRyYWwxL2J1aWxkcy84MTE4OGFhYi1hNDBiLTQ0NmYtYTc1NS0xNjJjNTlhYmQ0ZDgSeHVzLWNlbnRyYWwxLWRvY2tlci5wa2cuZGV2L2pveWVyaXRhLTUzMTllL2djZi1hcnRpZmFjdHMvam95ZXJpdGEtLTUzMTllX191cy0tY2VudHJhbDFfX2NyZWF0ZV9jaGVja291dF9zZXNzaW9uOnZlcnNpb25fMRibluzlixwiTXByb2plY3RzL2pveWVyaXRhLTUzMTllL2xvY2F0aW9ucy91cy1jZW50cmFsMS9mdW5jdGlvbnMvY3JlYXRlQ2hlY2tvdXRTZXNzaW9uKgwImeTaugYQoMiqnAMyCG5vZGVqczE4OnYKI2djci5pby9nYWUtcnVudGltZXMvbm9kZWpzMTg6c3RhYmxlEk91cy1jZW50cmFsMS1kb2NrZXIucGtnLmRldi9zZXJ2ZXJsZXNzLXJ1bnRpbWVzL2dvb2dsZS0yMi1mdWxsL3J1bnRpbWVzL25vZGVqczE4QAE=","operationType":"CREATE_FUNCTION","buildName":"projects/965239048987/locations/us-central1/builds/81188aab-a40b-446f-a755-162c59abd4d8"},"done":false}
[debug] [2024-12-09T09:03:07.513Z] Got source token Cldwcm9qZWN0cy85NjUyMzkwNDg5ODcvbG9jYXRpb25zL3VzLWNlbnRyYWwxL2J1aWxkcy84MTE4OGFhYi1hNDBiLTQ0NmYtYTc1NS0xNjJjNTlhYmQ0ZDgSeHVzLWNlbnRyYWwxLWRvY2tlci5wa2cuZGV2L2pveWVyaXRhLTUzMTllL2djZi1hcnRpZmFjdHMvam95ZXJpdGEtLTUzMTllX191cy0tY2VudHJhbDFfX2NyZWF0ZV9jaGVja291dF9zZXNzaW9uOnZlcnNpb25fMRibluzlixwiTXByb2plY3RzL2pveWVyaXRhLTUzMTllL2xvY2F0aW9ucy91cy1jZW50cmFsMS9mdW5jdGlvbnMvY3JlYXRlQ2hlY2tvdXRTZXNzaW9uKgwImeTaugYQoMiqnAMyCG5vZGVqczE4OnYKI2djci5pby9nYWUtcnVudGltZXMvbm9kZWpzMTg6c3RhYmxlEk91cy1jZW50cmFsMS1kb2NrZXIucGtnLmRldi9zZXJ2ZXJsZXNzLXJ1bnRpbWVzL2dvb2dsZS0yMi1mdWxsL3J1bnRpbWVzL25vZGVqczE4QAE= for region us-central1
[debug] [2024-12-09T09:03:17.518Z] [create-default-us-central1-createCheckoutSession] Retrying task index 0
[debug] [2024-12-09T09:03:17.520Z] Checked if tokens are valid: true, expires at: 1733736450215
[debug] [2024-12-09T09:03:17.520Z] Checked if tokens are valid: true, expires at: 1733736450215
[debug] [2024-12-09T09:03:17.521Z] >>> [apiv2][query] GET https://cloudfunctions.googleapis.com/v2/projects/joyerita-5319e/locations/us-central1/operations/operation-1733734877158-628d29b7cda97-f22e094e-da42f215 [none]
[debug] [2024-12-09T09:03:17.730Z] <<< [apiv2][status] GET https://cloudfunctions.googleapis.com/v2/projects/joyerita-5319e/locations/us-central1/operations/operation-1733734877158-628d29b7cda97-f22e094e-da42f215 200
[debug] [2024-12-09T09:03:17.731Z] <<< [apiv2][body] GET https://cloudfunctions.googleapis.com/v2/projects/joyerita-5319e/locations/us-central1/operations/operation-1733734877158-628d29b7cda97-f22e094e-da42f215 {"name":"projects/joyerita-5319e/locations/us-central1/operations/operation-1733734877158-628d29b7cda97-f22e094e-da42f215","metadata":{"@type":"type.googleapis.com/google.cloud.functions.v2.OperationMetadata","createTime":"2024-12-09T09:01:18.347858734Z","endTime":"2024-12-09T09:03:17.583319615Z","target":"projects/joyerita-5319e/locations/us-central1/functions/createCheckoutSession","verb":"create","cancelRequested":false,"apiVersion":"v2","requestResource":{"@type":"type.googleapis.com/google.cloud.functions.v2.Function","name":"projects/joyerita-5319e/locations/us-central1/functions/createCheckoutSession","buildConfig":{"runtime":"nodejs18","entryPoint":"createCheckoutSession","source":{"storageSource":{"bucket":"gcf-v2-sources-965239048987-us-central1","object":"createCheckoutSession/function-source.zip","generation":"1733734878126694"}},"environmentVariables":{"GOOGLE_NODE_RUN_SCRIPTS":""},"serviceAccount":"projects/joyerita-5319e/serviceAccounts/965239048987-compute@developer.gserviceaccount.com","automaticUpdatePolicy":{}},"serviceConfig":{"service":"projects/joyerita-5319e/locations/us-central1/services/createcheckoutsession","timeoutSeconds":60,"environmentVariables":{"FIREBASE_CONFIG":"{\"projectId\":\"joyerita-5319e\",\"storageBucket\":\"joyerita-5319e.firebasestorage.app\"}","GCLOUD_PROJECT":"joyerita-5319e","EVENTARC_CLOUD_EVENT_SOURCE":"projects/joyerita-5319e/locations/us-central1/services/createCheckoutSession","FUNCTION_TARGET":"createCheckoutSession","LOG_EXECUTION_ID":"true"},"ingressSettings":"ALLOW_ALL","serviceAccountEmail":"965239048987-compute@developer.gserviceaccount.com","availableMemory":"256Mi","maxInstanceRequestConcurrency":80,"availableCpu":"1"},"labels":{"deployment-tool":"cli-firebase","firebase-functions-hash":"83be3f8d40dacb17799e51fcd0596542075598a3"},"environment":"GEN_2"},"stages":[{"name":"ARTIFACT_REGISTRY","message":"Deleting function artifacts in Artifact Registry","state":"COMPLETE"},{"name":"SERVICE","message":"Deleting Cloud Run service","state":"COMPLETE","resource":"projects/joyerita-5319e/locations/us-central1/services/createcheckoutsession"}],"operationType":"CREATE_FUNCTION"},"done":true,"error":{"code":3,"message":"Could not create or update Cloud Run service createcheckoutsession, Container Healthcheck failed. Revision 'createcheckoutsession-00001-rav' is not ready and cannot serve traffic. The user-provided container failed to start and listen on the port defined provided by the PORT=8080 environment variable within the allocated timeout. This can happen when the container port is misconfigured or if the timeout is too short. The health check timeout can be extended. Logs for this revision might contain more information.\n\nLogs URL: https://console.cloud.google.com/logs/viewer?project=joyerita-5319e&resource=cloud_run_revision/service_name/createcheckoutsession/revision_name/createcheckoutsession-00001-rav&advancedFilter=resource.type%3D%22cloud_run_revision%22%0Aresource.labels.service_name%3D%22createcheckoutsession%22%0Aresource.labels.revision_name%3D%22createcheckoutsession-00001-rav%22 \nFor more troubleshooting guidance, see https://cloud.google.com/run/docs/troubleshooting#container-failed-to-start"}}
[debug] [2024-12-09T09:03:17.731Z] Got source token undefined for region us-central1
[error] Could not create or update Cloud Run service createcheckoutsession, Container Healthcheck failed. Revision 'createcheckoutsession-00001-rav' is not ready and cannot serve traffic. The user-provided container failed to start and listen on the port defined provided by the PORT=8080 environment variable within the allocated timeout. This can happen when the container port is misconfigured or if the timeout is too short. The health check timeout can be extended. Logs for this revision might contain more information.

Logs URL: https://console.cloud.google.com/logs/viewer?project=joyerita-5319e&resource=cloud_run_revision/service_name/createcheckoutsession/revision_name/createcheckoutsession-00001-rav&advancedFilter=resource.type%3D%22cloud_run_revision%22%0Aresource.labels.service_name%3D%22createcheckoutsession%22%0Aresource.labels.revision_name%3D%22createcheckoutsession-00001-rav%22 
For more troubleshooting guidance, see https://cloud.google.com/run/docs/troubleshooting#container-failed-to-start
[debug] [2024-12-09T09:03:17.739Z] Total Function Deployment time: 120736
[debug] [2024-12-09T09:03:17.740Z] 1 Functions Deployed
[debug] [2024-12-09T09:03:17.740Z] 1 Functions Errored
[debug] [2024-12-09T09:03:17.740Z] 0 Function Deployments Aborted
[debug] [2024-12-09T09:03:17.740Z] Average Function Deployment time: 120733
[info] 
[info] Functions deploy had errors with the following functions:
	createCheckoutSession(us-central1)
[debug] [2024-12-09T09:03:17.744Z] Not printing URL for HTTPS function. Typically this means it didn't match a filter or we failed deployment
[info] i  functions: cleaning up build files... 
[debug] [2024-12-09T09:03:17.747Z] Checked if tokens are valid: true, expires at: 1733736450215
[debug] [2024-12-09T09:03:17.748Z] Checked if tokens are valid: true, expires at: 1733736450215
[debug] [2024-12-09T09:03:17.751Z] Checked if tokens are valid: true, expires at: 1733736450215
[debug] [2024-12-09T09:03:17.751Z] Checked if tokens are valid: true, expires at: 1733736450215
[debug] [2024-12-09T09:03:17.751Z] >>> [apiv2][query] DELETE https://artifactregistry.googleapis.com/v1beta2/projects/joyerita-5319e/locations/us-central1/repositories/gcf-artifacts/packages/create_checkout_session [none]
[debug] [2024-12-09T09:03:17.755Z] >>> [apiv2][query] GET https://us.gcr.io/v2/joyerita-5319e/gcf/us-central1/tags/list [none]
[debug] [2024-12-09T09:03:18.042Z] <<< [apiv2][status] DELETE https://artifactregistry.googleapis.com/v1beta2/projects/joyerita-5319e/locations/us-central1/repositories/gcf-artifacts/packages/create_checkout_session 404
[debug] [2024-12-09T09:03:18.043Z] <<< [apiv2][body] DELETE https://artifactregistry.googleapis.com/v1beta2/projects/joyerita-5319e/locations/us-central1/repositories/gcf-artifacts/packages/create_checkout_session {"error":{"code":404,"message":"Package \"projects/joyerita-5319e/locations/us-central1/repositories/gcf-artifacts/packages/create_checkout_session\" was not found.","status":"NOT_FOUND"}}
[debug] [2024-12-09T09:03:18.370Z] <<< [apiv2][status] GET https://us.gcr.io/v2/joyerita-5319e/gcf/us-central1/tags/list 404
[debug] [2024-12-09T09:03:18.370Z] <<< [apiv2][body] GET https://us.gcr.io/v2/joyerita-5319e/gcf/us-central1/tags/list {"errors":[{"code":"NAME_UNKNOWN","message":"Repository \"us.gcr.io\" not found"}]}
[debug] [2024-12-09T09:03:18.371Z] Failed docker command with error  Request to https://us.gcr.io/v2/joyerita-5319e/gcf/us-central1/tags/list had HTTP Error: 404, Not Found {"name":"FirebaseError","children":[],"context":{"body":{"errors":[{"code":"NAME_UNKNOWN","message":"Repository \"us.gcr.io\" not found"}],"error":{"message":"Not Found"}},"response":{"statusCode":404}},"exit":1,"message":"Request to https://us.gcr.io/v2/joyerita-5319e/gcf/us-central1/tags/list had HTTP Error: 404, Not Found","status":404}
[debug] [2024-12-09T09:03:18.374Z] Checked if tokens are valid: true, expires at: 1733736450215
[debug] [2024-12-09T09:03:18.375Z] Checked if tokens are valid: true, expires at: 1733736450215
[debug] [2024-12-09T09:03:18.375Z] >>> [apiv2][query] GET https://us.gcr.io/v2/joyerita-5319e/gcf/us-central1/tags/list [none]
[debug] [2024-12-09T09:03:18.496Z] <<< [apiv2][status] GET https://us.gcr.io/v2/joyerita-5319e/gcf/us-central1/tags/list 404
[debug] [2024-12-09T09:03:18.497Z] <<< [apiv2][body] GET https://us.gcr.io/v2/joyerita-5319e/gcf/us-central1/tags/list {"errors":[{"code":"NAME_UNKNOWN","message":"Repository \"us.gcr.io\" not found"}]}
[debug] [2024-12-09T09:03:18.498Z] Failed docker command with error  Request to https://us.gcr.io/v2/joyerita-5319e/gcf/us-central1/tags/list had HTTP Error: 404, Not Found {"name":"FirebaseError","children":[],"context":{"body":{"errors":[{"code":"NAME_UNKNOWN","message":"Repository \"us.gcr.io\" not found"}],"error":{"message":"Not Found"}},"response":{"statusCode":404}},"exit":1,"message":"Request to https://us.gcr.io/v2/joyerita-5319e/gcf/us-central1/tags/list had HTTP Error: 404, Not Found","status":404}
[debug] [2024-12-09T09:03:18.602Z] Checked if tokens are valid: true, expires at: 1733736450215
[debug] [2024-12-09T09:03:18.603Z] Checked if tokens are valid: true, expires at: 1733736450215
[debug] [2024-12-09T09:03:18.603Z] >>> [apiv2][query] GET https://us.gcr.io/v2/joyerita-5319e/gcf/us-central1/tags/list [none]
[debug] [2024-12-09T09:03:18.728Z] <<< [apiv2][status] GET https://us.gcr.io/v2/joyerita-5319e/gcf/us-central1/tags/list 404
[debug] [2024-12-09T09:03:18.728Z] <<< [apiv2][body] GET https://us.gcr.io/v2/joyerita-5319e/gcf/us-central1/tags/list {"errors":[{"code":"NAME_UNKNOWN","message":"Repository \"us.gcr.io\" not found"}]}
[debug] [2024-12-09T09:03:18.728Z] Failed docker command with error  Request to https://us.gcr.io/v2/joyerita-5319e/gcf/us-central1/tags/list had HTTP Error: 404, Not Found {"name":"FirebaseError","children":[],"context":{"body":{"errors":[{"code":"NAME_UNKNOWN","message":"Repository \"us.gcr.io\" not found"}],"error":{"message":"Not Found"}},"response":{"statusCode":404}},"exit":1,"message":"Request to https://us.gcr.io/v2/joyerita-5319e/gcf/us-central1/tags/list had HTTP Error: 404, Not Found","status":404}
[warn] !  functions: Unhandled error cleaning up build images. This could result in a small monthly bill if not corrected. You can attempt to delete these images by redeploying or you can delete them manually at https://console.cloud.google.com/gcr/images/joyerita-5319e/us/gcf 
[debug] [2024-12-09T09:03:18.730Z] Functions deploy failed.
[debug] [2024-12-09T09:03:18.730Z] {
  "endpoint": {
    "id": "createCheckoutSession",
    "project": "joyerita-5319e",
    "region": "us-central1",
    "entryPoint": "createCheckoutSession",
    "platform": "gcfv2",
    "runtime": "nodejs18",
    "httpsTrigger": {},
    "labels": {
      "deployment-tool": "cli-firebase"
    },
    "ingressSettings": null,
    "availableMemoryMb": null,
    "serviceAccount": null,
    "timeoutSeconds": null,
    "maxInstances": null,
    "minInstances": null,
    "concurrency": 80,
    "vpc": null,
    "environmentVariables": {
      "FIREBASE_CONFIG": "{\"projectId\":\"joyerita-5319e\",\"storageBucket\":\"joyerita-5319e.firebasestorage.app\"}",
      "GCLOUD_PROJECT": "joyerita-5319e",
      "EVENTARC_CLOUD_EVENT_SOURCE": "projects/joyerita-5319e/locations/us-central1/services/createCheckoutSession"
    },
    "codebase": "default",
    "cpu": 1,
    "targetedByOnly": false,
    "hash": "83be3f8d40dacb17799e51fcd0596542075598a3"
  },
  "op": "create",
  "original": {
    "name": "FirebaseError",
    "children": [],
    "exit": 1,
    "message": "Could not create or update Cloud Run service createcheckoutsession, Container Healthcheck failed. Revision 'createcheckoutsession-00001-rav' is not ready and cannot serve traffic. The user-provided container failed to start and listen on the port defined provided by the PORT=8080 environment variable within the allocated timeout. This can happen when the container port is misconfigured or if the timeout is too short. The health check timeout can be extended. Logs for this revision might contain more information.\n\nLogs URL: https://console.cloud.google.com/logs/viewer?project=joyerita-5319e&resource=cloud_run_revision/service_name/createcheckoutsession/revision_name/createcheckoutsession-00001-rav&advancedFilter=resource.type%3D%22cloud_run_revision%22%0Aresource.labels.service_name%3D%22createcheckoutsession%22%0Aresource.labels.revision_name%3D%22createcheckoutsession-00001-rav%22 \nFor more troubleshooting guidance, see https://cloud.google.com/run/docs/troubleshooting#container-failed-to-start",
    "original": {
      "code": 3,
      "message": "Could not create or update Cloud Run service createcheckoutsession, Container Healthcheck failed. Revision 'createcheckoutsession-00001-rav' is not ready and cannot serve traffic. The user-provided container failed to start and listen on the port defined provided by the PORT=8080 environment variable within the allocated timeout. This can happen when the container port is misconfigured or if the timeout is too short. The health check timeout can be extended. Logs for this revision might contain more information.\n\nLogs URL: https://console.cloud.google.com/logs/viewer?project=joyerita-5319e&resource=cloud_run_revision/service_name/createcheckoutsession/revision_name/createcheckoutsession-00001-rav&advancedFilter=resource.type%3D%22cloud_run_revision%22%0Aresource.labels.service_name%3D%22createcheckoutsession%22%0Aresource.labels.revision_name%3D%22createcheckoutsession-00001-rav%22 \nFor more troubleshooting guidance, see https://cloud.google.com/run/docs/troubleshooting#container-failed-to-start"
    },
    "status": 3,
    "code": 3
  }
}
[debug] [2024-12-09T09:03:18.732Z] Error: Failed to create function createCheckoutSession in region us-central1
    at C:\Users\Ruben Ortiz\AppData\Roaming\npm\node_modules\firebase-tools\lib\deploy\functions\release\fabricator.js:294:27
    at process.processTicksAndRejections (node:internal/process/task_queues:95:5)
    at async Fabricator.createV2Function (C:\Users\Ruben Ortiz\AppData\Roaming\npm\node_modules\firebase-tools\lib\deploy\functions\release\fabricator.js:278:30)
    at async Fabricator.createEndpoint (C:\Users\Ruben Ortiz\AppData\Roaming\npm\node_modules\firebase-tools\lib\deploy\functions\release\fabricator.js:137:13)
    at async handle (C:\Users\Ruben Ortiz\AppData\Roaming\npm\node_modules\firebase-tools\lib\deploy\functions\release\fabricator.js:89:17)
[error] 
[error] Error: There was an error deploying functions
